;  LST file generated by mikroListExporter - v.2.0 
; Date/Time: 21/04/2018 03:44:49 ã
;----------------------------------------------

;Address Opcode 	ASM
0x0000	0x2BDE      	GOTO       990
_SETFUN32:
;__Lib_MathDouble.c,138 :: 		
;__Lib_MathDouble.c,145 :: 		
0x0003	0x157B      	BSF        R11, 2
;__Lib_MathDouble.c,146 :: 		
0x0004	0x1FFB      	BTFSS      R11, 7
;__Lib_MathDouble.c,147 :: 		
0x0005	0x280D      	GOTO       SETFUN32EEE
;__Lib_MathDouble.c,148 :: 		
0x0006	0x3001      	MOVLW      1
;__Lib_MathDouble.c,149 :: 		
0x0007	0x00F3      	MOVWF      R3
;__Lib_MathDouble.c,150 :: 		
0x0008	0x01F2      	CLRF       R2
;__Lib_MathDouble.c,151 :: 		
0x0009	0x01F1      	CLRF       R1
;__Lib_MathDouble.c,152 :: 		
0x000A	0x01F0      	CLRF       R0
;__Lib_MathDouble.c,153 :: 		
0x000B	0x0DFA      	RLF        R10, 1
;__Lib_MathDouble.c,154 :: 		
0x000C	0x0CF2      	RRF        R2, 1
;__Lib_MathDouble.c,155 :: 		
SETFUN32EEE:
;__Lib_MathDouble.c,156 :: 		
0x000D	0x30FF      	MOVLW      255
;__Lib_MathDouble.c,158 :: 		
L_end_SETFUN32:
0x000E	0x0008      	RETURN
; end of _SETFUN32
_FIXSIGN32:
;__Lib_MathDouble.c,112 :: 		
;__Lib_MathDouble.c,116 :: 		
0x000F	0x1FFA      	BTFSS      R10, 7
;__Lib_MathDouble.c,117 :: 		
0x0010	0x13F2      	BCF        R2, 7
;__Lib_MathDouble.c,118 :: 		
0x0011	0x3000      	MOVLW      0
;__Lib_MathDouble.c,120 :: 		
L_end_FIXSIGN32:
0x0012	0x0008      	RETURN
; end of _FIXSIGN32
_RES032:
;__Lib_MathDouble.c,123 :: 		
;__Lib_MathDouble.c,128 :: 		
0x0013	0x01F2      	CLRF       R2
;__Lib_MathDouble.c,129 :: 		
0x0014	0x01F1      	CLRF       R1
;__Lib_MathDouble.c,130 :: 		
0x0015	0x01F0      	CLRF       R0
;__Lib_MathDouble.c,131 :: 		
0x0016	0x01F8      	CLRF       R8
;__Lib_MathDouble.c,132 :: 		
0x0017	0x01F3      	CLRF       R3
;__Lib_MathDouble.c,133 :: 		
0x0018	0x3000      	MOVLW      0
;__Lib_MathDouble.c,135 :: 		
L_end_RES032:
0x0019	0x0008      	RETURN
; end of _RES032
_COMFREM:
;__Lib_Math.c,1066 :: 		
;__Lib_Math.c,1070 :: 		
0x001A	0x09FB      	COMF       R11, 1
;__Lib_Math.c,1071 :: 		
0x001B	0x09FA      	COMF       R10, 1
;__Lib_Math.c,1072 :: 		
0x001C	0x09F9      	COMF       R9, 1
;__Lib_Math.c,1073 :: 		
0x001D	0x09F8      	COMF       R8, 1
;__Lib_Math.c,1074 :: 		
0x001E	0x0AF8      	INCF       R8, 1
;__Lib_Math.c,1075 :: 		
0x001F	0x1903      	BTFSC      STATUS, 2
;__Lib_Math.c,1076 :: 		
0x0020	0x0AF9      	INCF       R9, 1
;__Lib_Math.c,1077 :: 		
0x0021	0x1903      	BTFSC      STATUS, 2
;__Lib_Math.c,1078 :: 		
0x0022	0x0AFA      	INCF       R10, 1
;__Lib_Math.c,1079 :: 		
0x0023	0x1903      	BTFSC      STATUS, 2
;__Lib_Math.c,1080 :: 		
0x0024	0x0AFB      	INCF       R11, 1
;__Lib_Math.c,1082 :: 		
L_end_COMFREM:
0x0025	0x0008      	RETURN
; end of _COMFREM
_SDIV3232L:
;__Lib_Math.c,697 :: 		
;__Lib_Math.c,706 :: 		
0x0026	0x0874      	MOVF       R4, 0
;__Lib_Math.c,707 :: 		
0x0027	0x02F8      	SUBWF      R8, 1
;__Lib_Math.c,708 :: 		
0x0028	0x0875      	MOVF       R5, 0
;__Lib_Math.c,709 :: 		
0x0029	0x1C03      	BTFSS      STATUS, 0
;__Lib_Math.c,710 :: 		
0x002A	0x0F75      	INCFSZ     R5, 0
;__Lib_Math.c,711 :: 		
0x002B	0x02F9      	SUBWF      R9, 1
;__Lib_Math.c,712 :: 		
0x002C	0x0876      	MOVF       R6, 0
;__Lib_Math.c,713 :: 		
0x002D	0x1C03      	BTFSS      STATUS, 0
;__Lib_Math.c,714 :: 		
0x002E	0x0F76      	INCFSZ     R6, 0
;__Lib_Math.c,715 :: 		
0x002F	0x02FA      	SUBWF      R10, 1
;__Lib_Math.c,716 :: 		
0x0030	0x0877      	MOVF       R7, 0
;__Lib_Math.c,717 :: 		
0x0031	0x1C03      	BTFSS      STATUS, 0
;__Lib_Math.c,718 :: 		
0x0032	0x0F77      	INCFSZ     R7, 0
;__Lib_Math.c,719 :: 		
0x0033	0x02FB      	SUBWF      R11, 1
;__Lib_Math.c,720 :: 		
0x0034	0x0DF3      	RLF        R3, 1
;__Lib_Math.c,722 :: 		
0x0035	0x3007      	MOVLW      7
;__Lib_Math.c,723 :: 		
0x0036	0x00FC      	MOVWF      R12
;__Lib_Math.c,725 :: 		
LOOPS3232A:
;__Lib_Math.c,726 :: 		
0x0037	0x0D73      	RLF        R3, 0
;__Lib_Math.c,727 :: 		
0x0038	0x0DF8      	RLF        R8, 1
;__Lib_Math.c,728 :: 		
0x0039	0x0DF9      	RLF        R9, 1
;__Lib_Math.c,729 :: 		
0x003A	0x0DFA      	RLF        R10, 1
;__Lib_Math.c,730 :: 		
0x003B	0x0DFB      	RLF        R11, 1
;__Lib_Math.c,731 :: 		
0x003C	0x0874      	MOVF       R4, 0
;__Lib_Math.c,732 :: 		
0x003D	0x1C73      	BTFSS      R3, 0
;__Lib_Math.c,733 :: 		
0x003E	0x284D      	GOTO       SADD22LA
;__Lib_Math.c,735 :: 		
0x003F	0x02F8      	SUBWF      R8, 1
;__Lib_Math.c,736 :: 		
0x0040	0x0875      	MOVF       R5, 0
;__Lib_Math.c,737 :: 		
0x0041	0x1C03      	BTFSS      STATUS, 0
;__Lib_Math.c,738 :: 		
0x0042	0x0F75      	INCFSZ     R5, 0
;__Lib_Math.c,739 :: 		
0x0043	0x02F9      	SUBWF      R9, 1
;__Lib_Math.c,740 :: 		
0x0044	0x0876      	MOVF       R6, 0
;__Lib_Math.c,741 :: 		
0x0045	0x1C03      	BTFSS      STATUS, 0
;__Lib_Math.c,742 :: 		
0x0046	0x0F76      	INCFSZ     R6, 0
;__Lib_Math.c,743 :: 		
0x0047	0x02FA      	SUBWF      R10, 1
;__Lib_Math.c,744 :: 		
0x0048	0x0877      	MOVF       R7, 0
;__Lib_Math.c,745 :: 		
0x0049	0x1C03      	BTFSS      STATUS, 0
;__Lib_Math.c,746 :: 		
0x004A	0x0F77      	INCFSZ     R7, 0
;__Lib_Math.c,747 :: 		
0x004B	0x02FB      	SUBWF      R11, 1
;__Lib_Math.c,748 :: 		
0x004C	0x285A      	GOTO       SOK22LA
;__Lib_Math.c,750 :: 		
SADD22LA:
;__Lib_Math.c,751 :: 		
0x004D	0x07F8      	ADDWF      R8, 1
;__Lib_Math.c,752 :: 		
0x004E	0x0875      	MOVF       R5, 0
;__Lib_Math.c,753 :: 		
0x004F	0x1803      	BTFSC      STATUS, 0
;__Lib_Math.c,754 :: 		
0x0050	0x0F75      	INCFSZ     R5, 0
;__Lib_Math.c,755 :: 		
0x0051	0x07F9      	ADDWF      R9, 1
;__Lib_Math.c,756 :: 		
0x0052	0x0876      	MOVF       R6, 0
;__Lib_Math.c,757 :: 		
0x0053	0x1803      	BTFSC      STATUS, 0
;__Lib_Math.c,758 :: 		
0x0054	0x0F76      	INCFSZ     R6, 0
;__Lib_Math.c,759 :: 		
0x0055	0x07FA      	ADDWF      R10, 1
;__Lib_Math.c,760 :: 		
0x0056	0x0877      	MOVF       R7, 0
;__Lib_Math.c,761 :: 		
0x0057	0x1803      	BTFSC      STATUS, 0
;__Lib_Math.c,762 :: 		
0x0058	0x0F77      	INCFSZ     R7, 0
;__Lib_Math.c,763 :: 		
0x0059	0x07FB      	ADDWF      R11, 1
;__Lib_Math.c,765 :: 		
SOK22LA:
;__Lib_Math.c,766 :: 		
0x005A	0x0DF3      	RLF        R3, 1
;__Lib_Math.c,768 :: 		
0x005B	0x0BFC      	DECFSZ     R12, 1
;__Lib_Math.c,769 :: 		
0x005C	0x2837      	GOTO       LOOPS3232A
;__Lib_Math.c,771 :: 		
0x005D	0x0D72      	RLF        R2, 0
;__Lib_Math.c,772 :: 		
0x005E	0x0DF8      	RLF        R8, 1
;__Lib_Math.c,773 :: 		
0x005F	0x0DF9      	RLF        R9, 1
;__Lib_Math.c,774 :: 		
0x0060	0x0DFA      	RLF        R10, 1
;__Lib_Math.c,775 :: 		
0x0061	0x0DFB      	RLF        R11, 1
;__Lib_Math.c,776 :: 		
0x0062	0x0874      	MOVF       R4, 0
;__Lib_Math.c,777 :: 		
0x0063	0x1C73      	BTFSS      R3, 0
;__Lib_Math.c,778 :: 		
0x0064	0x2873      	GOTO       SADD22L8
;__Lib_Math.c,780 :: 		
0x0065	0x02F8      	SUBWF      R8, 1
;__Lib_Math.c,781 :: 		
0x0066	0x0875      	MOVF       R5, 0
;__Lib_Math.c,782 :: 		
0x0067	0x1C03      	BTFSS      STATUS, 0
;__Lib_Math.c,783 :: 		
0x0068	0x0F75      	INCFSZ     R5, 0
;__Lib_Math.c,784 :: 		
0x0069	0x02F9      	SUBWF      R9, 1
;__Lib_Math.c,785 :: 		
0x006A	0x0876      	MOVF       R6, 0
;__Lib_Math.c,786 :: 		
0x006B	0x1C03      	BTFSS      STATUS, 0
;__Lib_Math.c,787 :: 		
0x006C	0x0F76      	INCFSZ     R6, 0
;__Lib_Math.c,788 :: 		
0x006D	0x02FA      	SUBWF      R10, 1
;__Lib_Math.c,789 :: 		
0x006E	0x0877      	MOVF       R7, 0
;__Lib_Math.c,790 :: 		
0x006F	0x1C03      	BTFSS      STATUS, 0
;__Lib_Math.c,791 :: 		
0x0070	0x0F77      	INCFSZ     R7, 0
;__Lib_Math.c,792 :: 		
0x0071	0x02FB      	SUBWF      R11, 1
;__Lib_Math.c,793 :: 		
0x0072	0x2880      	GOTO       SOK22L8
;__Lib_Math.c,795 :: 		
SADD22L8:
;__Lib_Math.c,796 :: 		
0x0073	0x07F8      	ADDWF      R8, 1
;__Lib_Math.c,797 :: 		
0x0074	0x0875      	MOVF       R5, 0
;__Lib_Math.c,798 :: 		
0x0075	0x1803      	BTFSC      STATUS, 0
;__Lib_Math.c,799 :: 		
0x0076	0x0F75      	INCFSZ     R5, 0
;__Lib_Math.c,800 :: 		
0x0077	0x07F9      	ADDWF      R9, 1
;__Lib_Math.c,801 :: 		
0x0078	0x0876      	MOVF       R6, 0
;__Lib_Math.c,802 :: 		
0x0079	0x1803      	BTFSC      STATUS, 0
;__Lib_Math.c,803 :: 		
0x007A	0x0F76      	INCFSZ     R6, 0
;__Lib_Math.c,804 :: 		
0x007B	0x07FA      	ADDWF      R10, 1
;__Lib_Math.c,805 :: 		
0x007C	0x0877      	MOVF       R7, 0
;__Lib_Math.c,806 :: 		
0x007D	0x1803      	BTFSC      STATUS, 0
;__Lib_Math.c,807 :: 		
0x007E	0x0F77      	INCFSZ     R7, 0
;__Lib_Math.c,808 :: 		
0x007F	0x07FB      	ADDWF      R11, 1
;__Lib_Math.c,810 :: 		
SOK22L8:
;__Lib_Math.c,811 :: 		
0x0080	0x0DF2      	RLF        R2, 1
;__Lib_Math.c,813 :: 		
0x0081	0x3007      	MOVLW      7
;__Lib_Math.c,814 :: 		
0x0082	0x00FC      	MOVWF      R12
;__Lib_Math.c,816 :: 		
LOOPS3232B:
;__Lib_Math.c,817 :: 		
0x0083	0x0D72      	RLF        R2, 0
;__Lib_Math.c,818 :: 		
0x0084	0x0DF8      	RLF        R8, 1
;__Lib_Math.c,819 :: 		
0x0085	0x0DF9      	RLF        R9, 1
;__Lib_Math.c,820 :: 		
0x0086	0x0DFA      	RLF        R10, 1
;__Lib_Math.c,821 :: 		
0x0087	0x0DFB      	RLF        R11, 1
;__Lib_Math.c,822 :: 		
0x0088	0x0874      	MOVF       R4, 0
;__Lib_Math.c,823 :: 		
0x0089	0x1C72      	BTFSS      R2, 0
;__Lib_Math.c,824 :: 		
0x008A	0x2899      	GOTO       SADD22LB
;__Lib_Math.c,826 :: 		
0x008B	0x02F8      	SUBWF      R8, 1
;__Lib_Math.c,827 :: 		
0x008C	0x0875      	MOVF       R5, 0
;__Lib_Math.c,828 :: 		
0x008D	0x1C03      	BTFSS      STATUS, 0
;__Lib_Math.c,829 :: 		
0x008E	0x0F75      	INCFSZ     R5, 0
;__Lib_Math.c,830 :: 		
0x008F	0x02F9      	SUBWF      R9, 1
;__Lib_Math.c,831 :: 		
0x0090	0x0876      	MOVF       R6, 0
;__Lib_Math.c,832 :: 		
0x0091	0x1C03      	BTFSS      STATUS, 0
;__Lib_Math.c,833 :: 		
0x0092	0x0F76      	INCFSZ     R6, 0
;__Lib_Math.c,834 :: 		
0x0093	0x02FA      	SUBWF      R10, 1
;__Lib_Math.c,835 :: 		
0x0094	0x0877      	MOVF       R7, 0
;__Lib_Math.c,836 :: 		
0x0095	0x1C03      	BTFSS      STATUS, 0
;__Lib_Math.c,837 :: 		
0x0096	0x0F77      	INCFSZ     R7, 0
;__Lib_Math.c,838 :: 		
0x0097	0x02FB      	SUBWF      R11, 1
;__Lib_Math.c,839 :: 		
0x0098	0x28A6      	GOTO       SOK22LB
;__Lib_Math.c,841 :: 		
SADD22LB:
;__Lib_Math.c,842 :: 		
0x0099	0x07F8      	ADDWF      R8, 1
;__Lib_Math.c,843 :: 		
0x009A	0x0875      	MOVF       R5, 0
;__Lib_Math.c,844 :: 		
0x009B	0x1803      	BTFSC      STATUS, 0
;__Lib_Math.c,845 :: 		
0x009C	0x0F75      	INCFSZ     R5, 0
;__Lib_Math.c,846 :: 		
0x009D	0x07F9      	ADDWF      R9, 1
;__Lib_Math.c,847 :: 		
0x009E	0x0876      	MOVF       R6, 0
;__Lib_Math.c,848 :: 		
0x009F	0x1803      	BTFSC      STATUS, 0
;__Lib_Math.c,849 :: 		
0x00A0	0x0F76      	INCFSZ     R6, 0
;__Lib_Math.c,850 :: 		
0x00A1	0x07FA      	ADDWF      R10, 1
;__Lib_Math.c,851 :: 		
0x00A2	0x0877      	MOVF       R7, 0
;__Lib_Math.c,852 :: 		
0x00A3	0x1803      	BTFSC      STATUS, 0
;__Lib_Math.c,853 :: 		
0x00A4	0x0F77      	INCFSZ     R7, 0
;__Lib_Math.c,854 :: 		
0x00A5	0x07FB      	ADDWF      R11, 1
;__Lib_Math.c,856 :: 		
SOK22LB:
;__Lib_Math.c,857 :: 		
0x00A6	0x0DF2      	RLF        R2, 1
;__Lib_Math.c,859 :: 		
0x00A7	0x0BFC      	DECFSZ     R12, 1
;__Lib_Math.c,860 :: 		
0x00A8	0x2883      	GOTO       LOOPS3232B
;__Lib_Math.c,862 :: 		
0x00A9	0x0D71      	RLF        R1, 0
;__Lib_Math.c,863 :: 		
0x00AA	0x0DF8      	RLF        R8, 1
;__Lib_Math.c,864 :: 		
0x00AB	0x0DF9      	RLF        R9, 1
;__Lib_Math.c,865 :: 		
0x00AC	0x0DFA      	RLF        R10, 1
;__Lib_Math.c,866 :: 		
0x00AD	0x0DFB      	RLF        R11, 1
;__Lib_Math.c,867 :: 		
0x00AE	0x0874      	MOVF       R4, 0
;__Lib_Math.c,868 :: 		
0x00AF	0x1C72      	BTFSS      R2, 0
;__Lib_Math.c,869 :: 		
0x00B0	0x28BF      	GOTO       SADD22L16
;__Lib_Math.c,871 :: 		
0x00B1	0x02F8      	SUBWF      R8, 1
;__Lib_Math.c,872 :: 		
0x00B2	0x0875      	MOVF       R5, 0
;__Lib_Math.c,873 :: 		
0x00B3	0x1C03      	BTFSS      STATUS, 0
;__Lib_Math.c,874 :: 		
0x00B4	0x0F75      	INCFSZ     R5, 0
;__Lib_Math.c,875 :: 		
0x00B5	0x02F9      	SUBWF      R9, 1
;__Lib_Math.c,876 :: 		
0x00B6	0x0876      	MOVF       R6, 0
;__Lib_Math.c,877 :: 		
0x00B7	0x1C03      	BTFSS      STATUS, 0
;__Lib_Math.c,878 :: 		
0x00B8	0x0F76      	INCFSZ     R6, 0
;__Lib_Math.c,879 :: 		
0x00B9	0x02FA      	SUBWF      R10, 1
;__Lib_Math.c,880 :: 		
0x00BA	0x0877      	MOVF       R7, 0
;__Lib_Math.c,881 :: 		
0x00BB	0x1C03      	BTFSS      STATUS, 0
;__Lib_Math.c,882 :: 		
0x00BC	0x0F77      	INCFSZ     R7, 0
;__Lib_Math.c,883 :: 		
0x00BD	0x02FB      	SUBWF      R11, 1
;__Lib_Math.c,884 :: 		
0x00BE	0x28CC      	GOTO       SOK22L16
;__Lib_Math.c,886 :: 		
SADD22L16:
;__Lib_Math.c,887 :: 		
0x00BF	0x07F8      	ADDWF      R8, 1
;__Lib_Math.c,888 :: 		
0x00C0	0x0875      	MOVF       R5, 0
;__Lib_Math.c,889 :: 		
0x00C1	0x1803      	BTFSC      STATUS, 0
;__Lib_Math.c,890 :: 		
0x00C2	0x0F75      	INCFSZ     R5, 0
;__Lib_Math.c,891 :: 		
0x00C3	0x07F9      	ADDWF      R9, 1
;__Lib_Math.c,892 :: 		
0x00C4	0x0876      	MOVF       R6, 0
;__Lib_Math.c,893 :: 		
0x00C5	0x1803      	BTFSC      STATUS, 0
;__Lib_Math.c,894 :: 		
0x00C6	0x0F76      	INCFSZ     R6, 0
;__Lib_Math.c,895 :: 		
0x00C7	0x07FA      	ADDWF      R10, 1
;__Lib_Math.c,896 :: 		
0x00C8	0x0877      	MOVF       R7, 0
;__Lib_Math.c,897 :: 		
0x00C9	0x1803      	BTFSC      STATUS, 0
;__Lib_Math.c,898 :: 		
0x00CA	0x0F77      	INCFSZ     R7, 0
;__Lib_Math.c,899 :: 		
0x00CB	0x07FB      	ADDWF      R11, 1
;__Lib_Math.c,901 :: 		
SOK22L16:
;__Lib_Math.c,902 :: 		
0x00CC	0x0DF1      	RLF        R1, 1
;__Lib_Math.c,904 :: 		
0x00CD	0x3007      	MOVLW      7
;__Lib_Math.c,905 :: 		
0x00CE	0x00FC      	MOVWF      R12
;__Lib_Math.c,907 :: 		
LOOPS3232C:
;__Lib_Math.c,908 :: 		
0x00CF	0x0D71      	RLF        R1, 0
;__Lib_Math.c,909 :: 		
0x00D0	0x0DF8      	RLF        R8, 1
;__Lib_Math.c,910 :: 		
0x00D1	0x0DF9      	RLF        R9, 1
;__Lib_Math.c,911 :: 		
0x00D2	0x0DFA      	RLF        R10, 1
;__Lib_Math.c,912 :: 		
0x00D3	0x0DFB      	RLF        R11, 1
;__Lib_Math.c,913 :: 		
0x00D4	0x0874      	MOVF       R4, 0
;__Lib_Math.c,914 :: 		
0x00D5	0x1C71      	BTFSS      R1, 0
;__Lib_Math.c,915 :: 		
0x00D6	0x28E5      	GOTO       SADD22LC
;__Lib_Math.c,917 :: 		
0x00D7	0x02F8      	SUBWF      R8, 1
;__Lib_Math.c,918 :: 		
0x00D8	0x0875      	MOVF       R5, 0
;__Lib_Math.c,919 :: 		
0x00D9	0x1C03      	BTFSS      STATUS, 0
;__Lib_Math.c,920 :: 		
0x00DA	0x0F75      	INCFSZ     R5, 0
;__Lib_Math.c,921 :: 		
0x00DB	0x02F9      	SUBWF      R9, 1
;__Lib_Math.c,922 :: 		
0x00DC	0x0876      	MOVF       R6, 0
;__Lib_Math.c,923 :: 		
0x00DD	0x1C03      	BTFSS      STATUS, 0
;__Lib_Math.c,924 :: 		
0x00DE	0x0F76      	INCFSZ     R6, 0
;__Lib_Math.c,925 :: 		
0x00DF	0x02FA      	SUBWF      R10, 1
;__Lib_Math.c,926 :: 		
0x00E0	0x0877      	MOVF       R7, 0
;__Lib_Math.c,927 :: 		
0x00E1	0x1C03      	BTFSS      STATUS, 0
;__Lib_Math.c,928 :: 		
0x00E2	0x0F77      	INCFSZ     R7, 0
;__Lib_Math.c,929 :: 		
0x00E3	0x02FB      	SUBWF      R11, 1
;__Lib_Math.c,930 :: 		
0x00E4	0x28F2      	GOTO       SOK22LC
;__Lib_Math.c,932 :: 		
SADD22LC:
;__Lib_Math.c,933 :: 		
0x00E5	0x07F8      	ADDWF      R8, 1
;__Lib_Math.c,934 :: 		
0x00E6	0x0875      	MOVF       R5, 0
;__Lib_Math.c,935 :: 		
0x00E7	0x1803      	BTFSC      STATUS, 0
;__Lib_Math.c,936 :: 		
0x00E8	0x0F75      	INCFSZ     R5, 0
;__Lib_Math.c,937 :: 		
0x00E9	0x07F9      	ADDWF      R9, 1
;__Lib_Math.c,938 :: 		
0x00EA	0x0876      	MOVF       R6, 0
;__Lib_Math.c,939 :: 		
0x00EB	0x1803      	BTFSC      STATUS, 0
;__Lib_Math.c,940 :: 		
0x00EC	0x0F76      	INCFSZ     R6, 0
;__Lib_Math.c,941 :: 		
0x00ED	0x07FA      	ADDWF      R10, 1
;__Lib_Math.c,942 :: 		
0x00EE	0x0877      	MOVF       R7, 0
;__Lib_Math.c,943 :: 		
0x00EF	0x1803      	BTFSC      STATUS, 0
;__Lib_Math.c,944 :: 		
0x00F0	0x0F77      	INCFSZ     R7, 0
;__Lib_Math.c,945 :: 		
0x00F1	0x07FB      	ADDWF      R11, 1
;__Lib_Math.c,947 :: 		
SOK22LC:
;__Lib_Math.c,948 :: 		
0x00F2	0x0DF1      	RLF        R1, 1
;__Lib_Math.c,950 :: 		
0x00F3	0x0BFC      	DECFSZ     R12, 1
;__Lib_Math.c,951 :: 		
0x00F4	0x28CF      	GOTO       LOOPS3232C
;__Lib_Math.c,953 :: 		
0x00F5	0x0D70      	RLF        R0, 0
;__Lib_Math.c,954 :: 		
0x00F6	0x0DF8      	RLF        R8, 1
;__Lib_Math.c,955 :: 		
0x00F7	0x0DF9      	RLF        R9, 1
;__Lib_Math.c,956 :: 		
0x00F8	0x0DFA      	RLF        R10, 1
;__Lib_Math.c,957 :: 		
0x00F9	0x0DFB      	RLF        R11, 1
;__Lib_Math.c,958 :: 		
0x00FA	0x0874      	MOVF       R4, 0
;__Lib_Math.c,959 :: 		
0x00FB	0x1C71      	BTFSS      R1, 0
;__Lib_Math.c,960 :: 		
0x00FC	0x290B      	GOTO       SADD22L24
;__Lib_Math.c,962 :: 		
0x00FD	0x02F8      	SUBWF      R8, 1
;__Lib_Math.c,963 :: 		
0x00FE	0x0875      	MOVF       R5, 0
;__Lib_Math.c,964 :: 		
0x00FF	0x1C03      	BTFSS      STATUS, 0
;__Lib_Math.c,965 :: 		
0x0100	0x0F75      	INCFSZ     R5, 0
;__Lib_Math.c,966 :: 		
0x0101	0x02F9      	SUBWF      R9, 1
;__Lib_Math.c,967 :: 		
0x0102	0x0876      	MOVF       R6, 0
;__Lib_Math.c,968 :: 		
0x0103	0x1C03      	BTFSS      STATUS, 0
;__Lib_Math.c,969 :: 		
0x0104	0x0F76      	INCFSZ     R6, 0
;__Lib_Math.c,970 :: 		
0x0105	0x02FA      	SUBWF      R10, 1
;__Lib_Math.c,971 :: 		
0x0106	0x0877      	MOVF       R7, 0
;__Lib_Math.c,972 :: 		
0x0107	0x1C03      	BTFSS      STATUS, 0
;__Lib_Math.c,973 :: 		
0x0108	0x0F77      	INCFSZ     R7, 0
;__Lib_Math.c,974 :: 		
0x0109	0x02FB      	SUBWF      R11, 1
;__Lib_Math.c,975 :: 		
0x010A	0x2918      	GOTO       SOK22L24
;__Lib_Math.c,977 :: 		
SADD22L24:
;__Lib_Math.c,978 :: 		
0x010B	0x07F8      	ADDWF      R8, 1
;__Lib_Math.c,979 :: 		
0x010C	0x0875      	MOVF       R5, 0
;__Lib_Math.c,980 :: 		
0x010D	0x1803      	BTFSC      STATUS, 0
;__Lib_Math.c,981 :: 		
0x010E	0x0F75      	INCFSZ     R5, 0
;__Lib_Math.c,982 :: 		
0x010F	0x07F9      	ADDWF      R9, 1
;__Lib_Math.c,983 :: 		
0x0110	0x0876      	MOVF       R6, 0
;__Lib_Math.c,984 :: 		
0x0111	0x1803      	BTFSC      STATUS, 0
;__Lib_Math.c,985 :: 		
0x0112	0x0F76      	INCFSZ     R6, 0
;__Lib_Math.c,986 :: 		
0x0113	0x07FA      	ADDWF      R10, 1
;__Lib_Math.c,987 :: 		
0x0114	0x0877      	MOVF       R7, 0
;__Lib_Math.c,988 :: 		
0x0115	0x1803      	BTFSC      STATUS, 0
;__Lib_Math.c,989 :: 		
0x0116	0x0F77      	INCFSZ     R7, 0
;__Lib_Math.c,990 :: 		
0x0117	0x07FB      	ADDWF      R11, 1
;__Lib_Math.c,992 :: 		
SOK22L24:
;__Lib_Math.c,993 :: 		
0x0118	0x0DF0      	RLF        R0, 1
;__Lib_Math.c,995 :: 		
0x0119	0x3007      	MOVLW      7
;__Lib_Math.c,996 :: 		
0x011A	0x00FC      	MOVWF      R12
;__Lib_Math.c,998 :: 		
LOOPS3232D:
;__Lib_Math.c,999 :: 		
0x011B	0x0D70      	RLF        R0, 0
;__Lib_Math.c,1000 :: 		
0x011C	0x0DF8      	RLF        R8, 1
;__Lib_Math.c,1001 :: 		
0x011D	0x0DF9      	RLF        R9, 1
;__Lib_Math.c,1002 :: 		
0x011E	0x0DFA      	RLF        R10, 1
;__Lib_Math.c,1003 :: 		
0x011F	0x0DFB      	RLF        R11, 1
;__Lib_Math.c,1004 :: 		
0x0120	0x0874      	MOVF       R4, 0
;__Lib_Math.c,1005 :: 		
0x0121	0x1C70      	BTFSS      R0, 0
;__Lib_Math.c,1006 :: 		
0x0122	0x2931      	GOTO       SADD22LD
;__Lib_Math.c,1008 :: 		
0x0123	0x02F8      	SUBWF      R8, 1
;__Lib_Math.c,1009 :: 		
0x0124	0x0875      	MOVF       R5, 0
;__Lib_Math.c,1010 :: 		
0x0125	0x1C03      	BTFSS      STATUS, 0
;__Lib_Math.c,1011 :: 		
0x0126	0x0F75      	INCFSZ     R5, 0
;__Lib_Math.c,1012 :: 		
0x0127	0x02F9      	SUBWF      R9, 1
;__Lib_Math.c,1013 :: 		
0x0128	0x0876      	MOVF       R6, 0
;__Lib_Math.c,1014 :: 		
0x0129	0x1C03      	BTFSS      STATUS, 0
;__Lib_Math.c,1015 :: 		
0x012A	0x0F76      	INCFSZ     R6, 0
;__Lib_Math.c,1016 :: 		
0x012B	0x02FA      	SUBWF      R10, 1
;__Lib_Math.c,1017 :: 		
0x012C	0x0877      	MOVF       R7, 0
;__Lib_Math.c,1018 :: 		
0x012D	0x1C03      	BTFSS      STATUS, 0
;__Lib_Math.c,1019 :: 		
0x012E	0x0F77      	INCFSZ     R7, 0
;__Lib_Math.c,1020 :: 		
0x012F	0x02FB      	SUBWF      R11, 1
;__Lib_Math.c,1021 :: 		
0x0130	0x293E      	GOTO       SOK22LD
;__Lib_Math.c,1023 :: 		
SADD22LD:
;__Lib_Math.c,1024 :: 		
0x0131	0x07F8      	ADDWF      R8, 1
;__Lib_Math.c,1025 :: 		
0x0132	0x0875      	MOVF       R5, 0
;__Lib_Math.c,1026 :: 		
0x0133	0x1803      	BTFSC      STATUS, 0
;__Lib_Math.c,1027 :: 		
0x0134	0x0F75      	INCFSZ     R5, 0
;__Lib_Math.c,1028 :: 		
0x0135	0x07F9      	ADDWF      R9, 1
;__Lib_Math.c,1029 :: 		
0x0136	0x0876      	MOVF       R6, 0
;__Lib_Math.c,1030 :: 		
0x0137	0x1803      	BTFSC      STATUS, 0
;__Lib_Math.c,1031 :: 		
0x0138	0x0F76      	INCFSZ     R6, 0
;__Lib_Math.c,1032 :: 		
0x0139	0x07FA      	ADDWF      R10, 1
;__Lib_Math.c,1033 :: 		
0x013A	0x0877      	MOVF       R7, 0
;__Lib_Math.c,1034 :: 		
0x013B	0x1803      	BTFSC      STATUS, 0
;__Lib_Math.c,1036 :: 		
0x013C	0x0F77      	INCFSZ     R7, 0
;__Lib_Math.c,1037 :: 		
0x013D	0x07FB      	ADDWF      R11, 1
;__Lib_Math.c,1039 :: 		
SOK22LD:
;__Lib_Math.c,1040 :: 		
0x013E	0x0DF0      	RLF        R0, 1
;__Lib_Math.c,1042 :: 		
0x013F	0x0BFC      	DECFSZ     R12, 1
;__Lib_Math.c,1043 :: 		
0x0140	0x291B      	GOTO       LOOPS3232D
;__Lib_Math.c,1045 :: 		
0x0141	0x1870      	BTFSC      R0, 0
;__Lib_Math.c,1046 :: 		
0x0142	0x2951      	GOTO       SOK22L
;__Lib_Math.c,1047 :: 		
0x0143	0x0874      	MOVF       R4, 0
;__Lib_Math.c,1048 :: 		
0x0144	0x07F8      	ADDWF      R8, 1
;__Lib_Math.c,1049 :: 		
0x0145	0x0875      	MOVF       R5, 0
;__Lib_Math.c,1050 :: 		
0x0146	0x1803      	BTFSC      STATUS, 0
;__Lib_Math.c,1051 :: 		
0x0147	0x0F75      	INCFSZ     R5, 0
;__Lib_Math.c,1052 :: 		
0x0148	0x07F9      	ADDWF      R9, 1
;__Lib_Math.c,1053 :: 		
0x0149	0x0876      	MOVF       R6, 0
;__Lib_Math.c,1054 :: 		
0x014A	0x1803      	BTFSC      STATUS, 0
;__Lib_Math.c,1055 :: 		
0x014B	0x0F76      	INCFSZ     R6, 0
;__Lib_Math.c,1056 :: 		
0x014C	0x07FA      	ADDWF      R10, 1
;__Lib_Math.c,1057 :: 		
0x014D	0x0877      	MOVF       R7, 0
;__Lib_Math.c,1058 :: 		
0x014E	0x1803      	BTFSC      STATUS, 0
;__Lib_Math.c,1059 :: 		
0x014F	0x0F77      	INCFSZ     R7, 0
;__Lib_Math.c,1060 :: 		
0x0150	0x07FB      	ADDWF      R11, 1
;__Lib_Math.c,1061 :: 		
SOK22L:
;__Lib_Math.c,1064 :: 		
L_end_SDIV3232L:
0x0151	0x0008      	RETURN
; end of _SDIV3232L
_SETFOV32:
;__Lib_MathDouble.c,79 :: 		
;__Lib_MathDouble.c,86 :: 		
0x0152	0x14FB      	BSF        R11, 1
;__Lib_MathDouble.c,87 :: 		
0x0153	0x1FFB      	BTFSS      R11, 7
;__Lib_MathDouble.c,88 :: 		
0x0154	0x295C      	GOTO       SETFOV32EEE
;__Lib_MathDouble.c,89 :: 		
0x0155	0x30FF      	MOVLW      255
;__Lib_MathDouble.c,90 :: 		
0x0156	0x00F3      	MOVWF      R3
;__Lib_MathDouble.c,91 :: 		
0x0157	0x00F2      	MOVWF      R2
;__Lib_MathDouble.c,92 :: 		
0x0158	0x00F1      	MOVWF      R1
;__Lib_MathDouble.c,93 :: 		
0x0159	0x00F0      	MOVWF      R0
;__Lib_MathDouble.c,94 :: 		
0x015A	0x0DFA      	RLF        R10, 1
;__Lib_MathDouble.c,95 :: 		
0x015B	0x0CF2      	RRF        R2, 1
;__Lib_MathDouble.c,96 :: 		
SETFOV32EEE:
;__Lib_MathDouble.c,97 :: 		
0x015C	0x30FF      	MOVLW      255
;__Lib_MathDouble.c,99 :: 		
L_end_SETFOV32:
0x015D	0x0008      	RETURN
; end of _SETFOV32
_____DoICP:
;__Lib_System.c,6 :: 		
;__Lib_System.c,9 :: 		
0x015E	0x1283      	BCF        STATUS, 5
0x015F	0x1303      	BCF        STATUS, 6
0x0160	0x0829      	MOVF       ___DoICPAddr+1, 0
0x0161	0x008A      	MOVWF      PCLATH
;__Lib_System.c,10 :: 		
0x0162	0x0828      	MOVF       ___DoICPAddr, 0
0x0163	0x0082      	MOVWF      PCL
;__Lib_System.c,12 :: 		
L_end_____DoICP:
0x0164	0x0008      	RETURN
; end of _____DoICP
_Delay_22us:
;__Lib_Delays.c,15 :: 		void Delay_22us() {
;__Lib_Delays.c,16 :: 		Delay_us(22);
0x0165	0x0000      	NOP
0x0166	0x0000      	NOP
0x0167	0x0000      	NOP
0x0168	0x0000      	NOP
0x0169	0x0000      	NOP
0x016A	0x0000      	NOP
;__Lib_Delays.c,17 :: 		}
L_end_Delay_22us:
0x016B	0x0008      	RETURN
; end of _Delay_22us
_SETIOV3224:
;__Lib_MathDouble.c,1000 :: 		
;__Lib_MathDouble.c,1006 :: 		
0x016C	0x147B      	BSF        R11, 0
;__Lib_MathDouble.c,1007 :: 		
0x016D	0x1FFB      	BTFSS      R11, 7
;__Lib_MathDouble.c,1008 :: 		
0x016E	0x2977      	GOTO       SETIOV3224EEE
;__Lib_MathDouble.c,1010 :: 		
0x016F	0x01F2      	CLRF       R2
;__Lib_MathDouble.c,1011 :: 		
0x0170	0x1FFA      	BTFSS      R10, 7
;__Lib_MathDouble.c,1012 :: 		
0x0171	0x30FF      	MOVLW      255
;__Lib_MathDouble.c,1013 :: 		
0x0172	0x00F2      	MOVWF      R2
;__Lib_MathDouble.c,1014 :: 		
0x0173	0x00F1      	MOVWF      R1
;__Lib_MathDouble.c,1015 :: 		
0x0174	0x00F0      	MOVWF      R0
;__Lib_MathDouble.c,1016 :: 		
0x0175	0x0DFA      	RLF        R10, 1
;__Lib_MathDouble.c,1017 :: 		
0x0176	0x0CF2      	RRF        R2, 1
;__Lib_MathDouble.c,1018 :: 		
SETIOV3224EEE:
;__Lib_MathDouble.c,1019 :: 		
0x0177	0x30FF      	MOVLW      255
;__Lib_MathDouble.c,1021 :: 		
L_end_SETIOV3224:
0x0178	0x0008      	RETURN
; end of _SETIOV3224
_NRM3232:
;__Lib_MathDouble.c,167 :: 		
;__Lib_MathDouble.c,173 :: 		
;__Lib_MathDouble.c,175 :: 		
0x0179	0x01A1      	CLRF       __math_tempbD
;__Lib_MathDouble.c,176 :: 		
0x017A	0x0872      	MOVF       R2, 0
;__Lib_MathDouble.c,177 :: 		
0x017B	0x1D03      	BTFSS      STATUS, 2
;__Lib_MathDouble.c,178 :: 		
0x017C	0x298E      	GOTO       NORM3232
;__Lib_MathDouble.c,179 :: 		
0x017D	0x0871      	MOVF       R1, 0
;__Lib_MathDouble.c,180 :: 		
0x017E	0x00F2      	MOVWF      R2
;__Lib_MathDouble.c,181 :: 		
0x017F	0x0870      	MOVF       R0, 0
;__Lib_MathDouble.c,182 :: 		
0x0180	0x00F1      	MOVWF      R1
;__Lib_MathDouble.c,183 :: 		
0x0181	0x01F0      	CLRF       R0
;__Lib_MathDouble.c,184 :: 		
0x0182	0x15A1      	BSF        __math_tempbD, 3
;__Lib_MathDouble.c,186 :: 		
0x0183	0x0872      	MOVF       R2, 0
;__Lib_MathDouble.c,187 :: 		
0x0184	0x1D03      	BTFSS      STATUS, 2
;__Lib_MathDouble.c,188 :: 		
0x0185	0x298E      	GOTO       NORM3232
;__Lib_MathDouble.c,189 :: 		
0x0186	0x0871      	MOVF       R1, 0
;__Lib_MathDouble.c,190 :: 		
0x0187	0x00F2      	MOVWF      R2
;__Lib_MathDouble.c,191 :: 		
0x0188	0x01F1      	CLRF       R1
;__Lib_MathDouble.c,192 :: 		
0x0189	0x11A1      	BCF        __math_tempbD, 3
;__Lib_MathDouble.c,193 :: 		
0x018A	0x1621      	BSF        __math_tempbD, 4
;__Lib_MathDouble.c,195 :: 		
0x018B	0x0872      	MOVF       R2, 0
;__Lib_MathDouble.c,196 :: 		
0x018C	0x1903      	BTFSC      STATUS, 2
;__Lib_MathDouble.c,197 :: 		
0x018D	0x299C      	GOTO       JPNRES032
;__Lib_MathDouble.c,198 :: 		
NORM3232:
;__Lib_MathDouble.c,199 :: 		
0x018E	0x0821      	MOVF       __math_tempbD, 0
;__Lib_MathDouble.c,200 :: 		
0x018F	0x02F3      	SUBWF      R3, 1
;__Lib_MathDouble.c,201 :: 		
0x0190	0x1D03      	BTFSS      STATUS, 2
;__Lib_MathDouble.c,202 :: 		
0x0191	0x1C03      	BTFSS      STATUS, 0
;__Lib_MathDouble.c,203 :: 		
0x0192	0x29A0      	GOTO       JPNSETFUN32
;__Lib_MathDouble.c,204 :: 		
0x0193	0x1003      	BCF        STATUS, 0
;__Lib_MathDouble.c,205 :: 		
NORM3232A:
;__Lib_MathDouble.c,206 :: 		
0x0194	0x1BF2      	BTFSC      R2, 7
;__Lib_MathDouble.c,207 :: 		
0x0195	0x29A4      	GOTO       JMPNFIXSIGN32
;__Lib_MathDouble.c,208 :: 		
0x0196	0x0DF0      	RLF        R0, 1
;__Lib_MathDouble.c,209 :: 		
0x0197	0x0DF1      	RLF        R1, 1
;__Lib_MathDouble.c,210 :: 		
0x0198	0x0DF2      	RLF        R2, 1
;__Lib_MathDouble.c,211 :: 		
0x0199	0x0BF3      	DECFSZ     R3, 1
;__Lib_MathDouble.c,212 :: 		
0x019A	0x2994      	GOTO       NORM3232A
;__Lib_MathDouble.c,213 :: 		
0x019B	0x29A0      	GOTO       JPNSETFUN32
;__Lib_MathDouble.c,214 :: 		
JPNRES032:
;__Lib_MathDouble.c,215 :: 		
0x019C	0x3001      	MOVLW      1
;__Lib_MathDouble.c,216 :: 		
0x019D	0x00FC      	MOVWF      R12
;__Lib_MathDouble.c,218 :: 		
0x019E	0x2013      	CALL       _RES032
;__Lib_MathDouble.c,220 :: 		
0x019F	0x29A7      	GOTO       NORM32EEE
;__Lib_MathDouble.c,221 :: 		
JPNSETFUN32:
;__Lib_MathDouble.c,222 :: 		
0x01A0	0x3002      	MOVLW      2
;__Lib_MathDouble.c,223 :: 		
0x01A1	0x00FC      	MOVWF      R12
;__Lib_MathDouble.c,225 :: 		
0x01A2	0x2003      	CALL       _SETFUN32
;__Lib_MathDouble.c,227 :: 		
0x01A3	0x29A7      	GOTO       NORM32EEE
;__Lib_MathDouble.c,228 :: 		
JMPNFIXSIGN32:
;__Lib_MathDouble.c,229 :: 		
0x01A4	0x3004      	MOVLW      4
;__Lib_MathDouble.c,230 :: 		
0x01A5	0x00FC      	MOVWF      R12
;__Lib_MathDouble.c,232 :: 		
0x01A6	0x200F      	CALL       _FIXSIGN32
;__Lib_MathDouble.c,234 :: 		
NORM32EEE:
;__Lib_MathDouble.c,236 :: 		
L_end_NRM3232:
0x01A7	0x0008      	RETURN
; end of _NRM3232
_Div_32x32_S:
;__Lib_Math.c,1091 :: 		
;__Lib_Math.c,1102 :: 		
;__Lib_Math.c,1105 :: 		
0x01A8	0x1283      	BCF        STATUS, 5
0x01A9	0x1303      	BCF        STATUS, 6
0x01AA	0x0874      	MOVF       R4, 0
0x01AB	0x3A00      	XORLW      0
0x01AC	0x1D03      	BTFSS      STATUS, 2
0x01AD	0x29C3      	GOTO       L_Div_32x32_S6
;__Lib_Math.c,1106 :: 		
0x01AE	0x0875      	MOVF       R5, 0
0x01AF	0x3A00      	XORLW      0
0x01B0	0x1D03      	BTFSS      STATUS, 2
0x01B1	0x29C3      	GOTO       L_Div_32x32_S7
;__Lib_Math.c,1107 :: 		
0x01B2	0x0876      	MOVF       R6, 0
0x01B3	0x3A00      	XORLW      0
0x01B4	0x1D03      	BTFSS      STATUS, 2
0x01B5	0x29C3      	GOTO       L_Div_32x32_S8
;__Lib_Math.c,1108 :: 		
0x01B6	0x0877      	MOVF       R7, 0
0x01B7	0x3A00      	XORLW      0
0x01B8	0x1D03      	BTFSS      STATUS, 2
0x01B9	0x29C3      	GOTO       L_Div_32x32_S9
;__Lib_Math.c,1109 :: 		
0x01BA	0x30FF      	MOVLW      255
0x01BB	0x00F0      	MOVWF      R0
;__Lib_Math.c,1110 :: 		
0x01BC	0x30FF      	MOVLW      255
0x01BD	0x00F1      	MOVWF      R1
;__Lib_Math.c,1111 :: 		
0x01BE	0x30FF      	MOVLW      255
0x01BF	0x00F2      	MOVWF      R2
;__Lib_Math.c,1112 :: 		
0x01C0	0x307F      	MOVLW      127
0x01C1	0x00F3      	MOVWF      R3
;__Lib_Math.c,1113 :: 		
0x01C2	0x2A5C      	GOTO       L_end_Div_32x32_S
;__Lib_Math.c,1114 :: 		
L_Div_32x32_S9:
L_Div_32x32_S8:
L_Div_32x32_S7:
L_Div_32x32_S6:
;__Lib_Math.c,1117 :: 		
0x01C3	0x1283      	BCF        STATUS, 5
;__Lib_Math.c,1118 :: 		
0x01C4	0x1303      	BCF        STATUS, 6
;__Lib_Math.c,1120 :: 		
0x01C5	0x01FC      	CLRF       R12
;__Lib_Math.c,1121 :: 		
0x01C6	0x1BF7      	BTFSC      R7, 7
;__Lib_Math.c,1122 :: 		
0x01C7	0x0AFC      	INCF       R12, 1
;__Lib_Math.c,1124 :: 		
0x01C8	0x01FD      	CLRF       R13
;__Lib_Math.c,1125 :: 		
0x01C9	0x01FB      	CLRF       R11
;__Lib_Math.c,1126 :: 		
0x01CA	0x01FA      	CLRF       R10
;__Lib_Math.c,1127 :: 		
0x01CB	0x01F9      	CLRF       R9
;__Lib_Math.c,1128 :: 		
0x01CC	0x01F8      	CLRF       R8
;__Lib_Math.c,1129 :: 		
0x01CD	0x0873      	MOVF       R3, 0
;__Lib_Math.c,1130 :: 		
0x01CE	0x0472      	IORWF      R2, 0
;__Lib_Math.c,1131 :: 		
0x01CF	0x0471      	IORWF      R1, 0
;__Lib_Math.c,1132 :: 		
0x01D0	0x0470      	IORWF      R0, 0
;__Lib_Math.c,1133 :: 		
0x01D1	0x1903      	BTFSC      STATUS, 2
;__Lib_Math.c,1134 :: 		
0x01D2	0x2A57      	GOTO       END_ALL
;__Lib_Math.c,1136 :: 		
0x01D3	0x0873      	MOVF       R3, 0
;__Lib_Math.c,1137 :: 		
0x01D4	0x0677      	XORWF      R7, 0
;__Lib_Math.c,1138 :: 		
0x01D5	0x00A0      	MOVWF      ___math_tempb
;__Lib_Math.c,1139 :: 		
0x01D6	0x1BA0      	BTFSC      ___math_tempb, 7
;__Lib_Math.c,1140 :: 		
0x01D7	0x09FD      	COMF       R13, 1
;__Lib_Math.c,1144 :: 		
0x01D8	0x1FF7      	BTFSS      R7, 7
;__Lib_Math.c,1145 :: 		
0x01D9	0x29E5      	GOTO       CA3232S
;__Lib_Math.c,1147 :: 		
0x01DA	0x09F4      	COMF       R4, 1
;__Lib_Math.c,1148 :: 		
0x01DB	0x09F5      	COMF       R5, 1
;__Lib_Math.c,1149 :: 		
0x01DC	0x09F6      	COMF       R6, 1
;__Lib_Math.c,1150 :: 		
0x01DD	0x09F7      	COMF       R7, 1
;__Lib_Math.c,1151 :: 		
0x01DE	0x0AF4      	INCF       R4, 1
;__Lib_Math.c,1152 :: 		
0x01DF	0x1903      	BTFSC      STATUS, 2
;__Lib_Math.c,1153 :: 		
0x01E0	0x0AF5      	INCF       R5, 1
;__Lib_Math.c,1154 :: 		
0x01E1	0x1903      	BTFSC      STATUS, 2
;__Lib_Math.c,1155 :: 		
0x01E2	0x0AF6      	INCF       R6, 1
;__Lib_Math.c,1156 :: 		
0x01E3	0x1903      	BTFSC      STATUS, 2
;__Lib_Math.c,1157 :: 		
0x01E4	0x0AF7      	INCF       R7, 1
;__Lib_Math.c,1159 :: 		
CA3232S:
;__Lib_Math.c,1160 :: 		
0x01E5	0x1FF3      	BTFSS      R3, 7
;__Lib_Math.c,1161 :: 		
0x01E6	0x29F2      	GOTO       C3232SX
;__Lib_Math.c,1163 :: 		
0x01E7	0x09F0      	COMF       R0, 1
;__Lib_Math.c,1164 :: 		
0x01E8	0x09F1      	COMF       R1, 1
;__Lib_Math.c,1165 :: 		
0x01E9	0x09F2      	COMF       R2, 1
;__Lib_Math.c,1166 :: 		
0x01EA	0x09F3      	COMF       R3, 1
;__Lib_Math.c,1167 :: 		
0x01EB	0x0AF0      	INCF       R0, 1
;__Lib_Math.c,1168 :: 		
0x01EC	0x1903      	BTFSC      STATUS, 2
;__Lib_Math.c,1169 :: 		
0x01ED	0x0AF1      	INCF       R1, 1
;__Lib_Math.c,1170 :: 		
0x01EE	0x1903      	BTFSC      STATUS, 2
;__Lib_Math.c,1171 :: 		
0x01EF	0x0AF2      	INCF       R2, 1
;__Lib_Math.c,1172 :: 		
0x01F0	0x1903      	BTFSC      STATUS, 2
;__Lib_Math.c,1173 :: 		
0x01F1	0x0AF3      	INCF       R3, 1
;__Lib_Math.c,1175 :: 		
C3232SX:
;__Lib_Math.c,1176 :: 		
0x01F2	0x0873      	MOVF       R3, 0
;__Lib_Math.c,1177 :: 		
0x01F3	0x0477      	IORWF      R7, 0
;__Lib_Math.c,1178 :: 		
0x01F4	0x00A0      	MOVWF      ___math_tempb
;__Lib_Math.c,1179 :: 		
0x01F5	0x1BA0      	BTFSC      ___math_tempb, 7
;__Lib_Math.c,1180 :: 		
0x01F6	0x2A13      	GOTO       C3232SX1
;__Lib_Math.c,1182 :: 		
C3232S:
;__Lib_Math.c,1185 :: 		
0x01F7	0x2026      	CALL       _SDIV3232L
;__Lib_Math.c,1189 :: 		
0x01F8	0x1BFC      	BTFSC      R12, 7
;__Lib_Math.c,1190 :: 		
0x01F9	0x2A30      	GOTO       C3232SX4
;__Lib_Math.c,1192 :: 		
C3232SOK:
;__Lib_Math.c,1193 :: 		
0x01FA	0x1FFD      	BTFSS      R13, 7
;__Lib_Math.c,1194 :: 		
0x01FB	0x2A57      	GOTO       END_ALL
;__Lib_Math.c,1196 :: 		
0x01FC	0x09F0      	COMF       R0, 1
;__Lib_Math.c,1197 :: 		
0x01FD	0x09F1      	COMF       R1, 1
;__Lib_Math.c,1198 :: 		
0x01FE	0x09F2      	COMF       R2, 1
;__Lib_Math.c,1199 :: 		
0x01FF	0x09F3      	COMF       R3, 1
;__Lib_Math.c,1200 :: 		
0x0200	0x0AF0      	INCF       R0, 1
;__Lib_Math.c,1201 :: 		
0x0201	0x1903      	BTFSC      STATUS, 2
;__Lib_Math.c,1202 :: 		
0x0202	0x0AF1      	INCF       R1, 1
;__Lib_Math.c,1203 :: 		
0x0203	0x1903      	BTFSC      STATUS, 2
;__Lib_Math.c,1204 :: 		
0x0204	0x0AF2      	INCF       R2, 1
;__Lib_Math.c,1205 :: 		
0x0205	0x1903      	BTFSC      STATUS, 2
;__Lib_Math.c,1206 :: 		
0x0206	0x0AF3      	INCF       R3, 1
;__Lib_Math.c,1208 :: 		
0x0207	0x09F8      	COMF       R8, 1
;__Lib_Math.c,1209 :: 		
0x0208	0x09F9      	COMF       R9, 1
;__Lib_Math.c,1210 :: 		
0x0209	0x09FA      	COMF       R10, 1
;__Lib_Math.c,1211 :: 		
0x020A	0x09FB      	COMF       R11, 1
;__Lib_Math.c,1212 :: 		
0x020B	0x0AF8      	INCF       R8, 1
;__Lib_Math.c,1213 :: 		
0x020C	0x1903      	BTFSC      STATUS, 2
;__Lib_Math.c,1214 :: 		
0x020D	0x0AF9      	INCF       R9, 1
;__Lib_Math.c,1215 :: 		
0x020E	0x1903      	BTFSC      STATUS, 2
;__Lib_Math.c,1216 :: 		
0x020F	0x0AFA      	INCF       R10, 1
;__Lib_Math.c,1217 :: 		
0x0210	0x1903      	BTFSC      STATUS, 2
;__Lib_Math.c,1218 :: 		
0x0211	0x0AFB      	INCF       R11, 1
;__Lib_Math.c,1220 :: 		
0x0212	0x2A57      	GOTO       END_ALL
;__Lib_Math.c,1222 :: 		
C3232SX1:
;__Lib_Math.c,1223 :: 		
0x0213	0x1FF7      	BTFSS      R7, 7
;__Lib_Math.c,1224 :: 		
0x0214	0x2A2A      	GOTO       C3232SX3
;__Lib_Math.c,1225 :: 		
0x0215	0x1BF3      	BTFSC      R3, 7
;__Lib_Math.c,1226 :: 		
0x0216	0x2A24      	GOTO       C3232SX2
;__Lib_Math.c,1227 :: 		
0x0217	0x0873      	MOVF       R3, 0
;__Lib_Math.c,1228 :: 		
0x0218	0x00FB      	MOVWF      R11
;__Lib_Math.c,1229 :: 		
0x0219	0x0872      	MOVF       R2, 0
;__Lib_Math.c,1230 :: 		
0x021A	0x00FA      	MOVWF      R10
;__Lib_Math.c,1231 :: 		
0x021B	0x0871      	MOVF       R1, 0
;__Lib_Math.c,1232 :: 		
0x021C	0x00F9      	MOVWF      R9
;__Lib_Math.c,1233 :: 		
0x021D	0x0870      	MOVF       R0, 0
;__Lib_Math.c,1234 :: 		
0x021E	0x00F8      	MOVWF      R8
;__Lib_Math.c,1235 :: 		
0x021F	0x01F3      	CLRF       R3
;__Lib_Math.c,1236 :: 		
0x0220	0x01F2      	CLRF       R2
;__Lib_Math.c,1237 :: 		
0x0221	0x01F1      	CLRF       R1
;__Lib_Math.c,1238 :: 		
0x0222	0x01F0      	CLRF       R0
;__Lib_Math.c,1239 :: 		
0x0223	0x29FA      	GOTO       C3232SOK
;__Lib_Math.c,1240 :: 		
C3232SX2:
;__Lib_Math.c,1241 :: 		
0x0224	0x01F3      	CLRF       R3
;__Lib_Math.c,1242 :: 		
0x0225	0x01F2      	CLRF       R2
;__Lib_Math.c,1243 :: 		
0x0226	0x01F1      	CLRF       R1
;__Lib_Math.c,1244 :: 		
0x0227	0x01F0      	CLRF       R0
;__Lib_Math.c,1245 :: 		
0x0228	0x0AF0      	INCF       R0, 1
;__Lib_Math.c,1246 :: 		
0x0229	0x3400      	RETLW      0
;__Lib_Math.c,1248 :: 		
C3232SX3:
;__Lib_Math.c,1249 :: 		
0x022A	0x09F3      	COMF       R3, 1
;__Lib_Math.c,1250 :: 		
0x022B	0x09F2      	COMF       R2, 1
;__Lib_Math.c,1251 :: 		
0x022C	0x09F1      	COMF       R1, 1
;__Lib_Math.c,1252 :: 		
0x022D	0x09F0      	COMF       R0, 1
;__Lib_Math.c,1254 :: 		
0x022E	0x17FC      	BSF        R12, 7
;__Lib_Math.c,1256 :: 		
0x022F	0x29F7      	GOTO       C3232S
;__Lib_Math.c,1258 :: 		
C3232SX4:
;__Lib_Math.c,1259 :: 		
0x0230	0x0AF8      	INCF       R8, 1
;__Lib_Math.c,1260 :: 		
0x0231	0x1903      	BTFSC      STATUS, 2
;__Lib_Math.c,1261 :: 		
0x0232	0x0AF9      	INCF       R9, 1
;__Lib_Math.c,1262 :: 		
0x0233	0x1903      	BTFSC      STATUS, 2
;__Lib_Math.c,1263 :: 		
0x0234	0x0AFA      	INCF       R10, 1
;__Lib_Math.c,1264 :: 		
0x0235	0x1903      	BTFSC      STATUS, 2
;__Lib_Math.c,1265 :: 		
0x0236	0x0AFB      	INCF       R11, 1
;__Lib_Math.c,1266 :: 		
0x0237	0x0874      	MOVF       R4, 0
;__Lib_Math.c,1267 :: 		
0x0238	0x0278      	SUBWF      R8, 0
;__Lib_Math.c,1268 :: 		
0x0239	0x1D03      	BTFSS      STATUS, 2
;__Lib_Math.c,1269 :: 		
0x023A	0x29FA      	GOTO       C3232SOK
;__Lib_Math.c,1270 :: 		
0x023B	0x0875      	MOVF       R5, 0
;__Lib_Math.c,1271 :: 		
0x023C	0x0279      	SUBWF      R9, 0
;__Lib_Math.c,1272 :: 		
0x023D	0x1D03      	BTFSS      STATUS, 2
;__Lib_Math.c,1273 :: 		
0x023E	0x29FA      	GOTO       C3232SOK
;__Lib_Math.c,1274 :: 		
0x023F	0x0876      	MOVF       R6, 0
;__Lib_Math.c,1275 :: 		
0x0240	0x027A      	SUBWF      R10, 0
;__Lib_Math.c,1276 :: 		
0x0241	0x1D03      	BTFSS      STATUS, 2
;__Lib_Math.c,1277 :: 		
0x0242	0x29FA      	GOTO       C3232SOK
;__Lib_Math.c,1278 :: 		
0x0243	0x0877      	MOVF       R7, 0
;__Lib_Math.c,1279 :: 		
0x0244	0x027B      	SUBWF      R11, 0
;__Lib_Math.c,1280 :: 		
0x0245	0x1D03      	BTFSS      STATUS, 2
;__Lib_Math.c,1281 :: 		
0x0246	0x29FA      	GOTO       C3232SOK
;__Lib_Math.c,1282 :: 		
0x0247	0x01FB      	CLRF       R11
;__Lib_Math.c,1283 :: 		
0x0248	0x01FA      	CLRF       R10
;__Lib_Math.c,1284 :: 		
0x0249	0x01F9      	CLRF       R9
;__Lib_Math.c,1285 :: 		
0x024A	0x01F8      	CLRF       R8
;__Lib_Math.c,1286 :: 		
0x024B	0x0AF0      	INCF       R0, 1
;__Lib_Math.c,1287 :: 		
0x024C	0x1903      	BTFSC      STATUS, 2
;__Lib_Math.c,1288 :: 		
0x024D	0x0AF1      	INCF       R1, 1
;__Lib_Math.c,1289 :: 		
0x024E	0x1903      	BTFSC      STATUS, 2
;__Lib_Math.c,1290 :: 		
0x024F	0x0AF2      	INCF       R2, 1
;__Lib_Math.c,1291 :: 		
0x0250	0x1903      	BTFSC      STATUS, 2
;__Lib_Math.c,1292 :: 		
0x0251	0x0AF3      	INCF       R3, 1
;__Lib_Math.c,1293 :: 		
0x0252	0x1FF3      	BTFSS      R3, 7
;__Lib_Math.c,1294 :: 		
0x0253	0x29FA      	GOTO       C3232SOK
;__Lib_Math.c,1295 :: 		
0x0254	0x01A0      	CLRF       ___math_tempb
;__Lib_Math.c,1296 :: 		
0x0255	0x1620      	BSF        ___math_tempb, 4
;__Lib_Math.c,1297 :: 		
0x0256	0x34FF      	RETLW      255
;__Lib_Math.c,1298 :: 		
END_ALL:
;__Lib_Math.c,1299 :: 		
0x0257	0x01A0      	CLRF       ___math_tempb
;__Lib_Math.c,1300 :: 		
0x0258	0x1C7C      	BTFSS      R12, 0
;__Lib_Math.c,1301 :: 		
0x0259	0x2A5B      	GOTO       avoid_comfrem
;__Lib_Math.c,1303 :: 		
0x025A	0x201A      	CALL       _COMFREM
;__Lib_Math.c,1305 :: 		
avoid_comfrem:
;__Lib_Math.c,1306 :: 		
0x025B	0x3E00      	ADDLW      0
;__Lib_Math.c,1308 :: 		
L_end_Div_32x32_S:
0x025C	0x0008      	RETURN
; end of _Div_32x32_S
_Mul_32x32_FP:
;__Lib_MathDouble.c,610 :: 		
;__Lib_MathDouble.c,622 :: 		
;__Lib_MathDouble.c,624 :: 		
0x025D	0x1283      	BCF        STATUS, 5
;__Lib_MathDouble.c,625 :: 		
0x025E	0x1303      	BCF        STATUS, 6
;__Lib_MathDouble.c,627 :: 		
0x025F	0x01FB      	CLRF       R11
;__Lib_MathDouble.c,628 :: 		
0x0260	0x0873      	MOVF       R3, 0
;__Lib_MathDouble.c,629 :: 		
0x0261	0x1D03      	BTFSS      STATUS, 2
;__Lib_MathDouble.c,630 :: 		
0x0262	0x0877      	MOVF       R7, 0
;__Lib_MathDouble.c,631 :: 		
0x0263	0x1903      	BTFSC      STATUS, 2
;__Lib_MathDouble.c,632 :: 		
0x0264	0x2AB4      	GOTO       JPMRES032
;__Lib_MathDouble.c,634 :: 		
0x0265	0x0872      	MOVF       R2, 0
;__Lib_MathDouble.c,635 :: 		
0x0266	0x0676      	XORWF      R6, 0
;__Lib_MathDouble.c,636 :: 		
0x0267	0x00FA      	MOVWF      R10
;__Lib_MathDouble.c,637 :: 		
0x0268	0x0877      	MOVF       R7, 0
;__Lib_MathDouble.c,638 :: 		
0x0269	0x07F3      	ADDWF      R3, 1
;__Lib_MathDouble.c,639 :: 		
0x026A	0x307E      	MOVLW      126
;__Lib_MathDouble.c,640 :: 		
0x026B	0x1C03      	BTFSS      STATUS, 0
;__Lib_MathDouble.c,641 :: 		
0x026C	0x2A71      	GOTO       MTUN32
;__Lib_MathDouble.c,642 :: 		
0x026D	0x02F3      	SUBWF      R3, 1
;__Lib_MathDouble.c,643 :: 		
0x026E	0x1803      	BTFSC      STATUS, 0
;__Lib_MathDouble.c,644 :: 		
0x026F	0x2AB7      	GOTO       JPMSETFOV32
;__Lib_MathDouble.c,645 :: 		
0x0270	0x2A74      	GOTO       MOK32
;__Lib_MathDouble.c,646 :: 		
MTUN32:
;__Lib_MathDouble.c,647 :: 		
0x0271	0x02F3      	SUBWF      R3, 1
;__Lib_MathDouble.c,648 :: 		
0x0272	0x1C03      	BTFSS      STATUS, 0
;__Lib_MathDouble.c,649 :: 		
0x0273	0x2ABA      	GOTO       JPMSETFUN32
;__Lib_MathDouble.c,650 :: 		
MOK32:
;__Lib_MathDouble.c,651 :: 		
0x0274	0x0872      	MOVF       R2, 0
;__Lib_MathDouble.c,652 :: 		
0x0275	0x00F8      	MOVWF      R8
;__Lib_MathDouble.c,653 :: 		
0x0276	0x0871      	MOVF       R1, 0
;__Lib_MathDouble.c,654 :: 		
0x0277	0x00FC      	MOVWF      R12
;__Lib_MathDouble.c,655 :: 		
0x0278	0x0870      	MOVF       R0, 0
;__Lib_MathDouble.c,656 :: 		
0x0279	0x00FD      	MOVWF      R13
;__Lib_MathDouble.c,657 :: 		
0x027A	0x17F8      	BSF        R8, 7
;__Lib_MathDouble.c,658 :: 		
0x027B	0x17F6      	BSF        R6, 7
;__Lib_MathDouble.c,659 :: 		
0x027C	0x1003      	BCF        STATUS, 0
;__Lib_MathDouble.c,660 :: 		
0x027D	0x01F2      	CLRF       R2
;__Lib_MathDouble.c,661 :: 		
0x027E	0x01F1      	CLRF       R1
;__Lib_MathDouble.c,662 :: 		
0x027F	0x01F0      	CLRF       R0
;__Lib_MathDouble.c,663 :: 		
0x0280	0x3018      	MOVLW      24
;__Lib_MathDouble.c,664 :: 		
0x0281	0x00A1      	MOVWF      __math_tempbD
;__Lib_MathDouble.c,665 :: 		
MLOOP32:
;__Lib_MathDouble.c,666 :: 		
0x0282	0x1C7D      	BTFSS      R13, 0
;__Lib_MathDouble.c,667 :: 		
0x0283	0x2A8E      	GOTO       MNOADD32
;__Lib_MathDouble.c,669 :: 		
0x0284	0x0874      	MOVF       R4, 0
;__Lib_MathDouble.c,670 :: 		
0x0285	0x07F0      	ADDWF      R0, 1
;__Lib_MathDouble.c,671 :: 		
0x0286	0x0875      	MOVF       R5, 0
;__Lib_MathDouble.c,672 :: 		
0x0287	0x1803      	BTFSC      STATUS, 0
;__Lib_MathDouble.c,673 :: 		
0x0288	0x0F75      	INCFSZ     R5, 0
;__Lib_MathDouble.c,674 :: 		
0x0289	0x07F1      	ADDWF      R1, 1
;__Lib_MathDouble.c,675 :: 		
0x028A	0x0876      	MOVF       R6, 0
;__Lib_MathDouble.c,676 :: 		
0x028B	0x1803      	BTFSC      STATUS, 0
;__Lib_MathDouble.c,677 :: 		
0x028C	0x0F76      	INCFSZ     R6, 0
;__Lib_MathDouble.c,678 :: 		
0x028D	0x07F2      	ADDWF      R2, 1
;__Lib_MathDouble.c,679 :: 		
MNOADD32:
;__Lib_MathDouble.c,680 :: 		
0x028E	0x0CF2      	RRF        R2, 1
;__Lib_MathDouble.c,681 :: 		
0x028F	0x0CF1      	RRF        R1, 1
;__Lib_MathDouble.c,682 :: 		
0x0290	0x0CF0      	RRF        R0, 1
;__Lib_MathDouble.c,683 :: 		
0x0291	0x0CF8      	RRF        R8, 1
;__Lib_MathDouble.c,684 :: 		
0x0292	0x0CFC      	RRF        R12, 1
;__Lib_MathDouble.c,685 :: 		
0x0293	0x0CFD      	RRF        R13, 1
;__Lib_MathDouble.c,686 :: 		
0x0294	0x1003      	BCF        STATUS, 0
;__Lib_MathDouble.c,687 :: 		
0x0295	0x0BA1      	DECFSZ     __math_tempbD, 1
;__Lib_MathDouble.c,688 :: 		
0x0296	0x2A82      	GOTO       MLOOP32
;__Lib_MathDouble.c,689 :: 		
0x0297	0x1BF2      	BTFSC      R2, 7
;__Lib_MathDouble.c,690 :: 		
0x0298	0x2A9E      	GOTO       MROUND32
;__Lib_MathDouble.c,691 :: 		
0x0299	0x0DF8      	RLF        R8, 1
;__Lib_MathDouble.c,692 :: 		
0x029A	0x0DF0      	RLF        R0, 1
;__Lib_MathDouble.c,693 :: 		
0x029B	0x0DF1      	RLF        R1, 1
;__Lib_MathDouble.c,694 :: 		
0x029C	0x0DF2      	RLF        R2, 1
;__Lib_MathDouble.c,695 :: 		
0x029D	0x03F3      	DECF       R3, 1
;__Lib_MathDouble.c,696 :: 		
MROUND32:
;__Lib_MathDouble.c,697 :: 		
0x029E	0x1B7B      	BTFSC      R11, 6
;__Lib_MathDouble.c,698 :: 		
0x029F	0x1C70      	BTFSS      R0, 0
;__Lib_MathDouble.c,699 :: 		
0x02A0	0x2AB0      	GOTO       MUL32OK
;__Lib_MathDouble.c,700 :: 		
0x02A1	0x1FF8      	BTFSS      R8, 7
;__Lib_MathDouble.c,701 :: 		
0x02A2	0x2AB0      	GOTO       MUL32OK
;__Lib_MathDouble.c,702 :: 		
0x02A3	0x0AF0      	INCF       R0, 1
;__Lib_MathDouble.c,703 :: 		
0x02A4	0x1903      	BTFSC      STATUS, 2
;__Lib_MathDouble.c,704 :: 		
0x02A5	0x0AF1      	INCF       R1, 1
;__Lib_MathDouble.c,705 :: 		
0x02A6	0x1903      	BTFSC      STATUS, 2
;__Lib_MathDouble.c,706 :: 		
0x02A7	0x0AF2      	INCF       R2, 1
;__Lib_MathDouble.c,707 :: 		
0x02A8	0x1D03      	BTFSS      STATUS, 2
;__Lib_MathDouble.c,708 :: 		
0x02A9	0x2AB0      	GOTO       MUL32OK
;__Lib_MathDouble.c,709 :: 		
0x02AA	0x0CF2      	RRF        R2, 1
;__Lib_MathDouble.c,710 :: 		
0x02AB	0x0CF1      	RRF        R1, 1
;__Lib_MathDouble.c,711 :: 		
0x02AC	0x0CF0      	RRF        R0, 1
;__Lib_MathDouble.c,712 :: 		
0x02AD	0x0AF3      	INCF       R3, 1
;__Lib_MathDouble.c,713 :: 		
0x02AE	0x1903      	BTFSC      STATUS, 2
;__Lib_MathDouble.c,714 :: 		
0x02AF	0x2AB7      	GOTO       JPMSETFOV32
;__Lib_MathDouble.c,715 :: 		
MUL32OK:
;__Lib_MathDouble.c,716 :: 		
0x02B0	0x1FFA      	BTFSS      R10, 7
;__Lib_MathDouble.c,717 :: 		
0x02B1	0x13F2      	BCF        R2, 7
;__Lib_MathDouble.c,718 :: 		
0x02B2	0x3000      	MOVLW      0
;__Lib_MathDouble.c,720 :: 		
0x02B3	0x2ABC      	GOTO       MUL32EEE
;__Lib_MathDouble.c,721 :: 		
JPMRES032:
;__Lib_MathDouble.c,722 :: 		
0x02B4	0x3001      	MOVLW      1
;__Lib_MathDouble.c,725 :: 		
0x02B5	0x2013      	CALL       _RES032
;__Lib_MathDouble.c,727 :: 		
0x02B6	0x2ABC      	GOTO       MUL32EEE
;__Lib_MathDouble.c,728 :: 		
JPMSETFOV32:
;__Lib_MathDouble.c,729 :: 		
0x02B7	0x3002      	MOVLW      2
;__Lib_MathDouble.c,732 :: 		
0x02B8	0x2152      	CALL       _SETFOV32
;__Lib_MathDouble.c,734 :: 		
0x02B9	0x2ABC      	GOTO       MUL32EEE
;__Lib_MathDouble.c,735 :: 		
JPMSETFUN32:
;__Lib_MathDouble.c,736 :: 		
0x02BA	0x3004      	MOVLW      4
;__Lib_MathDouble.c,739 :: 		
0x02BB	0x2003      	CALL       _SETFUN32
;__Lib_MathDouble.c,741 :: 		
MUL32EEE:
;__Lib_MathDouble.c,742 :: 		
0x02BC	0x0000      	NOP
;__Lib_MathDouble.c,749 :: 		
L_end_Mul_32x32_FP:
0x02BD	0x0008      	RETURN
; end of _Mul_32x32_FP
_Double2Longint:
;__Lib_MathDouble.c,1211 :: 		
;__Lib_MathDouble.c,1219 :: 		
0x02BE	0x1283      	BCF        STATUS, 5
;__Lib_MathDouble.c,1220 :: 		
0x02BF	0x1303      	BCF        STATUS, 6
;__Lib_MathDouble.c,1222 :: 		
0x02C0	0x01FB      	CLRF       R11
;__Lib_MathDouble.c,1223 :: 		
0x02C1	0x01FC      	CLRF       R12
;__Lib_MathDouble.c,1224 :: 		
0x02C2	0x01F8      	CLRF       R8
;__Lib_MathDouble.c,1225 :: 		
0x02C3	0x0873      	MOVF       R3, 0
;__Lib_MathDouble.c,1226 :: 		
0x02C4	0x1903      	BTFSC      STATUS, 2
;__Lib_MathDouble.c,1227 :: 		
0x02C5	0x2B36      	GOTO       INT3232EOK
;__Lib_MathDouble.c,1228 :: 		
0x02C6	0x0872      	MOVF       R2, 0
;__Lib_MathDouble.c,1229 :: 		
0x02C7	0x00FA      	MOVWF      R10
;__Lib_MathDouble.c,1230 :: 		
0x02C8	0x17F2      	BSF        R2, 7
;__Lib_MathDouble.c,1231 :: 		
0x02C9	0x309E      	MOVLW      158
;__Lib_MathDouble.c,1232 :: 		
0x02CA	0x02F3      	SUBWF      R3, 1
;__Lib_MathDouble.c,1233 :: 		
0x02CB	0x1FF3      	BTFSS      R3, 7
;__Lib_MathDouble.c,1234 :: 		
0x02CC	0x2B26      	GOTO       SETIOV32
;__Lib_MathDouble.c,1235 :: 		
0x02CD	0x09F3      	COMF       R3, 1
;__Lib_MathDouble.c,1236 :: 		
0x02CE	0x0AF3      	INCF       R3, 1
;__Lib_MathDouble.c,1238 :: 		
0x02CF	0x3008      	MOVLW      8
;__Lib_MathDouble.c,1239 :: 		
0x02D0	0x0273      	SUBWF      R3, 0
;__Lib_MathDouble.c,1240 :: 		
0x02D1	0x1C03      	BTFSS      STATUS, 0
;__Lib_MathDouble.c,1241 :: 		
0x02D2	0x2AFB      	GOTO       TSHIFT3232
;__Lib_MathDouble.c,1242 :: 		
0x02D3	0x00F3      	MOVWF      R3
;__Lib_MathDouble.c,1243 :: 		
0x02D4	0x0DF8      	RLF        R8, 1
;__Lib_MathDouble.c,1244 :: 		
0x02D5	0x0870      	MOVF       R0, 0
;__Lib_MathDouble.c,1245 :: 		
0x02D6	0x00F8      	MOVWF      R8
;__Lib_MathDouble.c,1246 :: 		
0x02D7	0x0871      	MOVF       R1, 0
;__Lib_MathDouble.c,1247 :: 		
0x02D8	0x00F0      	MOVWF      R0
;__Lib_MathDouble.c,1248 :: 		
0x02D9	0x0872      	MOVF       R2, 0
;__Lib_MathDouble.c,1249 :: 		
0x02DA	0x00F1      	MOVWF      R1
;__Lib_MathDouble.c,1250 :: 		
0x02DB	0x01F2      	CLRF       R2
;__Lib_MathDouble.c,1252 :: 		
0x02DC	0x3008      	MOVLW      8
;__Lib_MathDouble.c,1253 :: 		
0x02DD	0x0273      	SUBWF      R3, 0
;__Lib_MathDouble.c,1254 :: 		
0x02DE	0x1C03      	BTFSS      STATUS, 0
;__Lib_MathDouble.c,1255 :: 		
0x02DF	0x2AFB      	GOTO       TSHIFT3232
;__Lib_MathDouble.c,1256 :: 		
0x02E0	0x00F3      	MOVWF      R3
;__Lib_MathDouble.c,1257 :: 		
0x02E1	0x0DF8      	RLF        R8, 1
;__Lib_MathDouble.c,1258 :: 		
0x02E2	0x0870      	MOVF       R0, 0
;__Lib_MathDouble.c,1259 :: 		
0x02E3	0x00F8      	MOVWF      R8
;__Lib_MathDouble.c,1260 :: 		
0x02E4	0x0871      	MOVF       R1, 0
;__Lib_MathDouble.c,1261 :: 		
0x02E5	0x00F0      	MOVWF      R0
;__Lib_MathDouble.c,1262 :: 		
0x02E6	0x01F1      	CLRF       R1
;__Lib_MathDouble.c,1264 :: 		
0x02E7	0x3008      	MOVLW      8
;__Lib_MathDouble.c,1265 :: 		
0x02E8	0x0273      	SUBWF      R3, 0
;__Lib_MathDouble.c,1266 :: 		
0x02E9	0x1C03      	BTFSS      STATUS, 0
;__Lib_MathDouble.c,1267 :: 		
0x02EA	0x2AFB      	GOTO       TSHIFT3232
;__Lib_MathDouble.c,1268 :: 		
0x02EB	0x00F3      	MOVWF      R3
;__Lib_MathDouble.c,1269 :: 		
0x02EC	0x0DF8      	RLF        R8, 1
;__Lib_MathDouble.c,1270 :: 		
0x02ED	0x0870      	MOVF       R0, 0
;__Lib_MathDouble.c,1271 :: 		
0x02EE	0x00F8      	MOVWF      R8
;__Lib_MathDouble.c,1272 :: 		
0x02EF	0x01F0      	CLRF       R0
;__Lib_MathDouble.c,1274 :: 		
0x02F0	0x3008      	MOVLW      8
;__Lib_MathDouble.c,1275 :: 		
0x02F1	0x0273      	SUBWF      R3, 0
;__Lib_MathDouble.c,1276 :: 		
0x02F2	0x1C03      	BTFSS      STATUS, 0
;__Lib_MathDouble.c,1277 :: 		
0x02F3	0x2AFB      	GOTO       TSHIFT3232
;__Lib_MathDouble.c,1278 :: 		
0x02F4	0x00F3      	MOVWF      R3
;__Lib_MathDouble.c,1279 :: 		
0x02F5	0x0DF8      	RLF        R8, 1
;__Lib_MathDouble.c,1280 :: 		
0x02F6	0x01F8      	CLRF       R8
;__Lib_MathDouble.c,1281 :: 		
0x02F7	0x0873      	MOVF       R3, 0
;__Lib_MathDouble.c,1282 :: 		
0x02F8	0x1D03      	BTFSS      STATUS, 2
;__Lib_MathDouble.c,1283 :: 		
0x02F9	0x1003      	BCF        STATUS, 0
;__Lib_MathDouble.c,1284 :: 		
0x02FA	0x2B05      	GOTO       SHIFT3232OK
;__Lib_MathDouble.c,1285 :: 		
TSHIFT3232:
;__Lib_MathDouble.c,1286 :: 		
0x02FB	0x0873      	MOVF       R3, 0
;__Lib_MathDouble.c,1287 :: 		
0x02FC	0x1903      	BTFSC      STATUS, 2
;__Lib_MathDouble.c,1288 :: 		
0x02FD	0x2B05      	GOTO       SHIFT3232OK
;__Lib_MathDouble.c,1289 :: 		
SHIFT3232:
;__Lib_MathDouble.c,1290 :: 		
0x02FE	0x1003      	BCF        STATUS, 0
;__Lib_MathDouble.c,1291 :: 		
0x02FF	0x0CF2      	RRF        R2, 1
;__Lib_MathDouble.c,1292 :: 		
0x0300	0x0CF1      	RRF        R1, 1
;__Lib_MathDouble.c,1293 :: 		
0x0301	0x0CF0      	RRF        R0, 1
;__Lib_MathDouble.c,1294 :: 		
0x0302	0x0CF8      	RRF        R8, 1
;__Lib_MathDouble.c,1295 :: 		
0x0303	0x0BF3      	DECFSZ     R3, 1
;__Lib_MathDouble.c,1296 :: 		
0x0304	0x2AFE      	GOTO       SHIFT3232
;__Lib_MathDouble.c,1297 :: 		
SHIFT3232OK:
;__Lib_MathDouble.c,1298 :: 		
0x0305	0x1B7B      	BTFSC      R11, 6
;__Lib_MathDouble.c,1299 :: 		
0x0306	0x1C78      	BTFSS      R8, 0
;__Lib_MathDouble.c,1300 :: 		
0x0307	0x2B13      	GOTO       INT3232OK
;__Lib_MathDouble.c,1301 :: 		
0x0308	0x1C03      	BTFSS      STATUS, 0
;__Lib_MathDouble.c,1302 :: 		
0x0309	0x2B13      	GOTO       INT3232OK
;__Lib_MathDouble.c,1303 :: 		
0x030A	0x0AF8      	INCF       R8, 1
;__Lib_MathDouble.c,1304 :: 		
0x030B	0x1903      	BTFSC      STATUS, 2
;__Lib_MathDouble.c,1305 :: 		
0x030C	0x0AF0      	INCF       R0, 1
;__Lib_MathDouble.c,1306 :: 		
0x030D	0x1903      	BTFSC      STATUS, 2
;__Lib_MathDouble.c,1307 :: 		
0x030E	0x0AF1      	INCF       R1, 1
;__Lib_MathDouble.c,1308 :: 		
0x030F	0x1903      	BTFSC      STATUS, 2
;__Lib_MathDouble.c,1309 :: 		
0x0310	0x0AF2      	INCF       R2, 1
;__Lib_MathDouble.c,1310 :: 		
0x0311	0x1BF2      	BTFSC      R2, 7
;__Lib_MathDouble.c,1311 :: 		
0x0312	0x2B33      	GOTO       JPISETIOV3224
;__Lib_MathDouble.c,1312 :: 		
INT3232OK:
;__Lib_MathDouble.c,1313 :: 		
0x0313	0x1FFA      	BTFSS      R10, 7
;__Lib_MathDouble.c,1314 :: 		
0x0314	0x2B36      	GOTO       INT3232EOK
;__Lib_MathDouble.c,1316 :: 		
0x0315	0x09F2      	COMF       R2, 1
;__Lib_MathDouble.c,1317 :: 		
0x0316	0x09F1      	COMF       R1, 1
;__Lib_MathDouble.c,1318 :: 		
0x0317	0x09F0      	COMF       R0, 1
;__Lib_MathDouble.c,1319 :: 		
0x0318	0x09F8      	COMF       R8, 1
;__Lib_MathDouble.c,1320 :: 		
0x0319	0x0AF8      	INCF       R8, 1
;__Lib_MathDouble.c,1321 :: 		
0x031A	0x1903      	BTFSC      STATUS, 2
;__Lib_MathDouble.c,1322 :: 		
0x031B	0x0AF0      	INCF       R0, 1
;__Lib_MathDouble.c,1323 :: 		
0x031C	0x1903      	BTFSC      STATUS, 2
;__Lib_MathDouble.c,1324 :: 		
0x031D	0x0AF1      	INCF       R1, 1
;__Lib_MathDouble.c,1325 :: 		
0x031E	0x1903      	BTFSC      STATUS, 2
;__Lib_MathDouble.c,1326 :: 		
0x031F	0x0AF2      	INCF       R2, 1
;__Lib_MathDouble.c,1327 :: 		
0x0320	0x2B36      	GOTO       INT3232EOK
;__Lib_MathDouble.c,1329 :: 		
0x0321	0x01F2      	CLRF       R2
;__Lib_MathDouble.c,1330 :: 		
0x0322	0x01F1      	CLRF       R1
;__Lib_MathDouble.c,1331 :: 		
0x0323	0x01F0      	CLRF       R0
;__Lib_MathDouble.c,1332 :: 		
0x0324	0x01F8      	CLRF       R8
;__Lib_MathDouble.c,1333 :: 		
0x0325	0x2B36      	GOTO       INT3232EOK
;__Lib_MathDouble.c,1334 :: 		
SETIOV32:
;__Lib_MathDouble.c,1335 :: 		
0x0326	0x147B      	BSF        R11, 0
;__Lib_MathDouble.c,1336 :: 		
0x0327	0x1FFB      	BTFSS      R11, 7
;__Lib_MathDouble.c,1337 :: 		
0x0328	0x2B39      	GOTO       INT3232EER
;__Lib_MathDouble.c,1339 :: 		
0x0329	0x01F2      	CLRF       R2
;__Lib_MathDouble.c,1340 :: 		
0x032A	0x1FFA      	BTFSS      R10, 7
;__Lib_MathDouble.c,1341 :: 		
0x032B	0x2B39      	GOTO       INT3232EER
;__Lib_MathDouble.c,1342 :: 		
0x032C	0x00F2      	MOVWF      R2
;__Lib_MathDouble.c,1343 :: 		
0x032D	0x00F1      	MOVWF      R1
;__Lib_MathDouble.c,1344 :: 		
0x032E	0x00F0      	MOVWF      R0
;__Lib_MathDouble.c,1345 :: 		
0x032F	0x00F8      	MOVWF      R8
;__Lib_MathDouble.c,1346 :: 		
0x0330	0x0DFA      	RLF        R10, 1
;__Lib_MathDouble.c,1347 :: 		
0x0331	0x0CF2      	RRF        R2, 1
;__Lib_MathDouble.c,1348 :: 		
0x0332	0x2B39      	GOTO       INT3232EER
;__Lib_MathDouble.c,1349 :: 		
JPISETIOV3224:
;__Lib_MathDouble.c,1350 :: 		
0x0333	0x3001      	MOVLW      1
;__Lib_MathDouble.c,1351 :: 		
0x0334	0x00FC      	MOVWF      R12
;__Lib_MathDouble.c,1352 :: 		
0x0335	0x2B3B      	GOTO       INT3232EEE
;__Lib_MathDouble.c,1353 :: 		
INT3232EOK:
;__Lib_MathDouble.c,1354 :: 		
0x0336	0x3000      	MOVLW      0
;__Lib_MathDouble.c,1355 :: 		
0x0337	0x00FC      	MOVWF      R12
;__Lib_MathDouble.c,1356 :: 		
0x0338	0x2B3B      	GOTO       INT3232EEE
;__Lib_MathDouble.c,1357 :: 		
INT3232EER:
;__Lib_MathDouble.c,1358 :: 		
0x0339	0x30FF      	MOVLW      255
;__Lib_MathDouble.c,1359 :: 		
0x033A	0x00FC      	MOVWF      R12
;__Lib_MathDouble.c,1360 :: 		
INT3232EEE:
;__Lib_MathDouble.c,1364 :: 		
0x033B	0x08FC      	MOVF       R12, 1
;__Lib_MathDouble.c,1366 :: 		
0x033C	0x1903      	BTFSC      STATUS, 2
;__Lib_MathDouble.c,1367 :: 		
0x033D	0x2B3F      	GOTO       L_Double2Longint_0
;__Lib_MathDouble.c,1369 :: 		
0x033E	0x216C      	CALL       _SETIOV3224
;__Lib_MathDouble.c,1372 :: 		
L_Double2Longint_0:
;__Lib_MathDouble.c,1373 :: 		
0x033F	0x0872      	MOVF       R2, 0
;__Lib_MathDouble.c,1374 :: 		
0x0340	0x00F3      	MOVWF      R3
;__Lib_MathDouble.c,1375 :: 		
0x0341	0x0871      	MOVF       R1, 0
;__Lib_MathDouble.c,1376 :: 		
0x0342	0x00F2      	MOVWF      R2
;__Lib_MathDouble.c,1377 :: 		
0x0343	0x0870      	MOVF       R0, 0
;__Lib_MathDouble.c,1378 :: 		
0x0344	0x00F1      	MOVWF      R1
;__Lib_MathDouble.c,1379 :: 		
0x0345	0x0878      	MOVF       R8, 0
;__Lib_MathDouble.c,1380 :: 		
0x0346	0x00F0      	MOVWF      R0
;__Lib_MathDouble.c,1382 :: 		
L_end_Double2Longint:
0x0347	0x0008      	RETURN
; end of _Double2Longint
___CC2DW:
;__Lib_System.c,134 :: 		
;__Lib_System.c,137 :: 		
_CC2D_Loop1:
;__Lib_System.c,139 :: 		
0x0348	0x215E      	CALL       _____DoICP
0x0349	0x118A      	BCF        PCLATH, 3
0x034A	0x120A      	BCF        PCLATH, 4
;__Lib_System.c,141 :: 		
0x034B	0x0080      	MOVWF      INDF
;__Lib_System.c,142 :: 		
0x034C	0x0A84      	INCF       FSR, 1
;__Lib_System.c,143 :: 		
0x034D	0x0AA8      	INCF       ___DoICPAddr, 1
;__Lib_System.c,145 :: 		
0x034E	0x1903      	BTFSC      STATUS, 2
;__Lib_System.c,146 :: 		
0x034F	0x0AA9      	INCF       ___DoICPAddr+1, 1
;__Lib_System.c,147 :: 		
0x0350	0x03F0      	DECF       R0, 1
;__Lib_System.c,149 :: 		
0x0351	0x1D03      	BTFSS      STATUS, 2
;__Lib_System.c,150 :: 		
0x0352	0x2B48      	GOTO       _CC2D_Loop1
;__Lib_System.c,152 :: 		
L_end___CC2DW:
0x0353	0x0008      	RETURN
; end of ___CC2DW
_Word2Double:
;__Lib_MathDouble.c,1862 :: 		
;__Lib_MathDouble.c,1868 :: 		
0x0354	0x1283      	BCF        STATUS, 5
;__Lib_MathDouble.c,1869 :: 		
0x0355	0x1303      	BCF        STATUS, 6
;__Lib_MathDouble.c,1870 :: 		
0x0356	0x0870      	MOVF       R0, 0
;__Lib_MathDouble.c,1871 :: 		
0x0357	0x00F8      	MOVWF      R8
;__Lib_MathDouble.c,1872 :: 		
0x0358	0x0871      	MOVF       R1, 0
;__Lib_MathDouble.c,1873 :: 		
0x0359	0x00F0      	MOVWF      R0
;__Lib_MathDouble.c,1874 :: 		
0x035A	0x01F1      	CLRF       R1
;__Lib_MathDouble.c,1875 :: 		
0x035B	0x01F2      	CLRF       R2
;__Lib_MathDouble.c,1876 :: 		
0x035C	0x01F3      	CLRF       R3
;__Lib_MathDouble.c,1879 :: 		
0x035D	0x01FB      	CLRF       R11
;__Lib_MathDouble.c,1880 :: 		
0x035E	0x01FC      	CLRF       R12
;__Lib_MathDouble.c,1882 :: 		
0x035F	0x3096      	MOVLW      150
;__Lib_MathDouble.c,1883 :: 		
0x0360	0x00F3      	MOVWF      R3
;__Lib_MathDouble.c,1884 :: 		
0x0361	0x01FA      	CLRF       R10
;__Lib_MathDouble.c,1886 :: 		
0x0362	0x0870      	MOVF       R0, 0
;__Lib_MathDouble.c,1887 :: 		
0x0363	0x00F1      	MOVWF      R1
;__Lib_MathDouble.c,1888 :: 		
0x0364	0x0878      	MOVF       R8, 0
;__Lib_MathDouble.c,1889 :: 		
0x0365	0x00F0      	MOVWF      R0
;__Lib_MathDouble.c,1890 :: 		
0x0366	0x01F8      	CLRF       R8
;__Lib_MathDouble.c,1891 :: 		
0x0367	0x01F2      	CLRF       R2
;__Lib_MathDouble.c,1893 :: 		
0x0368	0x2179      	CALL       _NRM3232
;__Lib_MathDouble.c,1894 :: 		
L_end_Word2Double:
0x0369	0x0008      	RETURN
; end of _Word2Double
_ADC_Read:
;__Lib_ADC_A_C.c,45 :: 		
;__Lib_ADC_A_C.c,47 :: 		
0x036A	0x1283      	BCF        STATUS, 5
0x036B	0x1303      	BCF        STATUS, 6
0x036C	0x019F      	CLRF       ADCON0
;__Lib_ADC_A_C.c,48 :: 		
0x036D	0x30C0      	MOVLW      192
0x036E	0x049F      	IORWF      ADCON0, 1
;__Lib_ADC_A_C.c,49 :: 		
0x036F	0x1683      	BSF        STATUS, 5
0x0370	0x171F      	BSF        ADCON1, 6
;__Lib_ADC_A_C.c,50 :: 		
0x0371	0x179F      	BSF        ADCON1, 7
;__Lib_ADC_A_C.c,51 :: 		
0x0372	0x1283      	BCF        STATUS, 5
0x0373	0x082A      	MOVF       FARG_ADC_Read_channel, 0
0x0374	0x00F0      	MOVWF      R0
0x0375	0x0DF0      	RLF        R0, 1
0x0376	0x1070      	BCF        R0, 0
0x0377	0x0DF0      	RLF        R0, 1
0x0378	0x1070      	BCF        R0, 0
0x0379	0x0DF0      	RLF        R0, 1
0x037A	0x1070      	BCF        R0, 0
0x037B	0x0870      	MOVF       R0, 0
0x037C	0x049F      	IORWF      ADCON0, 1
;__Lib_ADC_A_C.c,54 :: 		
0x037D	0x141F      	BSF        ADCON0, 0
;__Lib_ADC_A_C.c,57 :: 		
0x037E	0x2165      	CALL       _Delay_22us
;__Lib_ADC_A_C.c,60 :: 		
0x037F	0x151F      	BSF        ADCON0, 2
;__Lib_ADC_A_C.c,63 :: 		
L_ADC_Read2:
0x0380	0x1D1F      	BTFSS      ADCON0, 2
0x0381	0x2B84      	GOTO       L_ADC_Read3
;__Lib_ADC_A_C.c,64 :: 		
0x0382	0x0000      	NOP
0x0383	0x2B80      	GOTO       L_ADC_Read2
L_ADC_Read3:
;__Lib_ADC_A_C.c,67 :: 		
0x0384	0x101F      	BCF        ADCON0, 0
;__Lib_ADC_A_C.c,70 :: 		
0x0385	0x081E      	MOVF       ADRESH, 0
0x0386	0x00F1      	MOVWF      R0+1
0x0387	0x01F0      	CLRF       R0
0x0388	0x1683      	BSF        STATUS, 5
0x0389	0x081E      	MOVF       ADRESL, 0
0x038A	0x04F0      	IORWF      R0, 1
0x038B	0x3000      	MOVLW      0
0x038C	0x04F1      	IORWF      R0+1, 1
;__Lib_ADC_A_C.c,71 :: 		
L_end_ADC_Read:
0x038D	0x0008      	RETURN
; end of _ADC_Read
_bcdConverter:
;BabyProject.c,42 :: 		unsigned short bcdConverter(char input) {
;BabyProject.c,43 :: 		switch (input) {
0x038E	0x2BB2      	GOTO       L_bcdConverter8
;BabyProject.c,44 :: 		case '0': return 0x3F;
L_bcdConverter10:
0x038F	0x303F      	MOVLW      63
0x0390	0x1283      	BCF        STATUS, 5
0x0391	0x1303      	BCF        STATUS, 6
0x0392	0x00F0      	MOVWF      R0
0x0393	0x2BDD      	GOTO       L_end_bcdConverter
;BabyProject.c,45 :: 		case '1': return 0x06;
L_bcdConverter11:
0x0394	0x3006      	MOVLW      6
0x0395	0x00F0      	MOVWF      R0
0x0396	0x2BDD      	GOTO       L_end_bcdConverter
;BabyProject.c,46 :: 		case '2': return 0x5B;
L_bcdConverter12:
0x0397	0x305B      	MOVLW      91
0x0398	0x00F0      	MOVWF      R0
0x0399	0x2BDD      	GOTO       L_end_bcdConverter
;BabyProject.c,47 :: 		case '3': return 0x4F;
L_bcdConverter13:
0x039A	0x304F      	MOVLW      79
0x039B	0x00F0      	MOVWF      R0
0x039C	0x2BDD      	GOTO       L_end_bcdConverter
;BabyProject.c,48 :: 		case '4': return 0x66;
L_bcdConverter14:
0x039D	0x3066      	MOVLW      102
0x039E	0x00F0      	MOVWF      R0
0x039F	0x2BDD      	GOTO       L_end_bcdConverter
;BabyProject.c,49 :: 		case '5': return 0x6D;
L_bcdConverter15:
0x03A0	0x306D      	MOVLW      109
0x03A1	0x00F0      	MOVWF      R0
0x03A2	0x2BDD      	GOTO       L_end_bcdConverter
;BabyProject.c,50 :: 		case '6': return 0x7D;
L_bcdConverter16:
0x03A3	0x307D      	MOVLW      125
0x03A4	0x00F0      	MOVWF      R0
0x03A5	0x2BDD      	GOTO       L_end_bcdConverter
;BabyProject.c,51 :: 		case '7': return 0x07;
L_bcdConverter17:
0x03A6	0x3007      	MOVLW      7
0x03A7	0x00F0      	MOVWF      R0
0x03A8	0x2BDD      	GOTO       L_end_bcdConverter
;BabyProject.c,52 :: 		case '8': return 0x7F;
L_bcdConverter18:
0x03A9	0x307F      	MOVLW      127
0x03AA	0x00F0      	MOVWF      R0
0x03AB	0x2BDD      	GOTO       L_end_bcdConverter
;BabyProject.c,53 :: 		case '9': return 0x6F;
L_bcdConverter19:
0x03AC	0x306F      	MOVLW      111
0x03AD	0x00F0      	MOVWF      R0
0x03AE	0x2BDD      	GOTO       L_end_bcdConverter
;BabyProject.c,55 :: 		default  : return 0b11111111;
L_bcdConverter20:
0x03AF	0x30FF      	MOVLW      255
0x03B0	0x00F0      	MOVWF      R0
0x03B1	0x2BDD      	GOTO       L_end_bcdConverter
;BabyProject.c,56 :: 		}
L_bcdConverter8:
0x03B2	0x1283      	BCF        STATUS, 5
0x03B3	0x1303      	BCF        STATUS, 6
0x03B4	0x082A      	MOVF       FARG_bcdConverter_input, 0
0x03B5	0x3A30      	XORLW      48
0x03B6	0x1903      	BTFSC      STATUS, 2
0x03B7	0x2B8F      	GOTO       L_bcdConverter10
0x03B8	0x082A      	MOVF       FARG_bcdConverter_input, 0
0x03B9	0x3A31      	XORLW      49
0x03BA	0x1903      	BTFSC      STATUS, 2
0x03BB	0x2B94      	GOTO       L_bcdConverter11
0x03BC	0x082A      	MOVF       FARG_bcdConverter_input, 0
0x03BD	0x3A32      	XORLW      50
0x03BE	0x1903      	BTFSC      STATUS, 2
0x03BF	0x2B97      	GOTO       L_bcdConverter12
0x03C0	0x082A      	MOVF       FARG_bcdConverter_input, 0
0x03C1	0x3A33      	XORLW      51
0x03C2	0x1903      	BTFSC      STATUS, 2
0x03C3	0x2B9A      	GOTO       L_bcdConverter13
0x03C4	0x082A      	MOVF       FARG_bcdConverter_input, 0
0x03C5	0x3A34      	XORLW      52
0x03C6	0x1903      	BTFSC      STATUS, 2
0x03C7	0x2B9D      	GOTO       L_bcdConverter14
0x03C8	0x082A      	MOVF       FARG_bcdConverter_input, 0
0x03C9	0x3A35      	XORLW      53
0x03CA	0x1903      	BTFSC      STATUS, 2
0x03CB	0x2BA0      	GOTO       L_bcdConverter15
0x03CC	0x082A      	MOVF       FARG_bcdConverter_input, 0
0x03CD	0x3A36      	XORLW      54
0x03CE	0x1903      	BTFSC      STATUS, 2
0x03CF	0x2BA3      	GOTO       L_bcdConverter16
0x03D0	0x082A      	MOVF       FARG_bcdConverter_input, 0
0x03D1	0x3A37      	XORLW      55
0x03D2	0x1903      	BTFSC      STATUS, 2
0x03D3	0x2BA6      	GOTO       L_bcdConverter17
0x03D4	0x082A      	MOVF       FARG_bcdConverter_input, 0
0x03D5	0x3A38      	XORLW      56
0x03D6	0x1903      	BTFSC      STATUS, 2
0x03D7	0x2BA9      	GOTO       L_bcdConverter18
0x03D8	0x082A      	MOVF       FARG_bcdConverter_input, 0
0x03D9	0x3A39      	XORLW      57
0x03DA	0x1903      	BTFSC      STATUS, 2
0x03DB	0x2BAC      	GOTO       L_bcdConverter19
0x03DC	0x2BAF      	GOTO       L_bcdConverter20
;BabyProject.c,57 :: 		}
L_end_bcdConverter:
0x03DD	0x0008      	RETURN
; end of _bcdConverter
_main:
;BabyProject.c,7 :: 		void main() {
;BabyProject.c,8 :: 		adcon1 = 0x04;
0x03DE	0x3004      	MOVLW      4
0x03DF	0x1683      	BSF        STATUS, 5
0x03E0	0x1303      	BCF        STATUS, 6
0x03E1	0x009F      	MOVWF      ADCON1
;BabyProject.c,9 :: 		TRISA  = 0x01;              // PORTA is input
0x03E2	0x3001      	MOVLW      1
0x03E3	0x0085      	MOVWF      TRISA
;BabyProject.c,10 :: 		TRISB  = 0;                 // PORTC is output
0x03E4	0x0186      	CLRF       TRISB
;BabyProject.c,11 :: 		TRISD  = 0;                 // PORTB is output
0x03E5	0x0188      	CLRF       TRISD
;BabyProject.c,12 :: 		portb=0;
0x03E6	0x1283      	BCF        STATUS, 5
0x03E7	0x0186      	CLRF       PORTB
;BabyProject.c,13 :: 		L1: t = ADC_Read(0)* 0.4887;
___main_L1:
0x03E8	0x01AA      	CLRF       FARG_ADC_Read_channel
0x03E9	0x236A      	CALL       _ADC_Read
0x03EA	0x2354      	CALL       _Word2Double
0x03EB	0x30E3      	MOVLW      227
0x03EC	0x00F4      	MOVWF      R4
0x03ED	0x3036      	MOVLW      54
0x03EE	0x00F5      	MOVWF      R4+1
0x03EF	0x307A      	MOVLW      122
0x03F0	0x00F6      	MOVWF      R4+2
0x03F1	0x307D      	MOVLW      125
0x03F2	0x00F7      	MOVWF      R4+3
0x03F3	0x225D      	CALL       _Mul_32x32_FP
0x03F4	0x22BE      	CALL       _Double2Longint
0x03F5	0x0870      	MOVF       R0, 0
0x03F6	0x00A4      	MOVWF      _t
0x03F7	0x0871      	MOVF       R0+1, 0
0x03F8	0x00A5      	MOVWF      _t+1
0x03F9	0x0872      	MOVF       R0+2, 0
0x03FA	0x00A6      	MOVWF      _t+2
0x03FB	0x0873      	MOVF       R0+3, 0
0x03FC	0x00A7      	MOVWF      _t+3
;BabyProject.c,14 :: 		a=t%10;
0x03FD	0x300A      	MOVLW      10
0x03FE	0x00F4      	MOVWF      R4
0x03FF	0x01F5      	CLRF       R4+1
0x0400	0x01F6      	CLRF       R4+2
0x0401	0x01F7      	CLRF       R4+3
0x0402	0x0824      	MOVF       _t, 0
0x0403	0x00F0      	MOVWF      R0
0x0404	0x0825      	MOVF       _t+1, 0
0x0405	0x00F1      	MOVWF      R0+1
0x0406	0x0826      	MOVF       _t+2, 0
0x0407	0x00F2      	MOVWF      R0+2
0x0408	0x0827      	MOVF       _t+3, 0
0x0409	0x00F3      	MOVWF      R0+3
0x040A	0x21A8      	CALL       _Div_32x32_S
0x040B	0x0878      	MOVF       R8, 0
0x040C	0x00F0      	MOVWF      R0
0x040D	0x0879      	MOVF       R8+1, 0
0x040E	0x00F1      	MOVWF      R0+1
0x040F	0x087A      	MOVF       R8+2, 0
0x0410	0x00F2      	MOVWF      R0+2
0x0411	0x087B      	MOVF       R8+3, 0
0x0412	0x00F3      	MOVWF      R0+3
0x0413	0x0870      	MOVF       R0, 0
0x0414	0x00A2      	MOVWF      _a
;BabyProject.c,15 :: 		b=(t/10)%10;
0x0415	0x300A      	MOVLW      10
0x0416	0x00F4      	MOVWF      R4
0x0417	0x01F5      	CLRF       R4+1
0x0418	0x01F6      	CLRF       R4+2
0x0419	0x01F7      	CLRF       R4+3
0x041A	0x0824      	MOVF       _t, 0
0x041B	0x00F0      	MOVWF      R0
0x041C	0x0825      	MOVF       _t+1, 0
0x041D	0x00F1      	MOVWF      R0+1
0x041E	0x0826      	MOVF       _t+2, 0
0x041F	0x00F2      	MOVWF      R0+2
0x0420	0x0827      	MOVF       _t+3, 0
0x0421	0x00F3      	MOVWF      R0+3
0x0422	0x21A8      	CALL       _Div_32x32_S
0x0423	0x300A      	MOVLW      10
0x0424	0x00F4      	MOVWF      R4
0x0425	0x01F5      	CLRF       R4+1
0x0426	0x01F6      	CLRF       R4+2
0x0427	0x01F7      	CLRF       R4+3
0x0428	0x21A8      	CALL       _Div_32x32_S
0x0429	0x0878      	MOVF       R8, 0
0x042A	0x00F0      	MOVWF      R0
0x042B	0x0879      	MOVF       R8+1, 0
0x042C	0x00F1      	MOVWF      R0+1
0x042D	0x087A      	MOVF       R8+2, 0
0x042E	0x00F2      	MOVWF      R0+2
0x042F	0x087B      	MOVF       R8+3, 0
0x0430	0x00F3      	MOVWF      R0+3
0x0431	0x0870      	MOVF       R0, 0
0x0432	0x00A3      	MOVWF      _b
;BabyProject.c,16 :: 		while(1) {
L_main0:
;BabyProject.c,20 :: 		if(t>30 && t<40)
0x0433	0x3080      	MOVLW      128
0x0434	0x00F0      	MOVWF      R0
0x0435	0x3080      	MOVLW      128
0x0436	0x0627      	XORWF      _t+3, 0
0x0437	0x0270      	SUBWF      R0, 0
0x0438	0x1D03      	BTFSS      STATUS, 2
0x0439	0x2C44      	GOTO       L__main23
0x043A	0x0826      	MOVF       _t+2, 0
0x043B	0x3C00      	SUBLW      0
0x043C	0x1D03      	BTFSS      STATUS, 2
0x043D	0x2C44      	GOTO       L__main23
0x043E	0x0825      	MOVF       _t+1, 0
0x043F	0x3C00      	SUBLW      0
0x0440	0x1D03      	BTFSS      STATUS, 2
0x0441	0x2C44      	GOTO       L__main23
0x0442	0x0824      	MOVF       _t, 0
0x0443	0x3C1E      	SUBLW      30
L__main23:
0x0444	0x1803      	BTFSC      STATUS, 0
0x0445	0x2C89      	GOTO       L_main4
0x0446	0x3080      	MOVLW      128
0x0447	0x0627      	XORWF      _t+3, 0
0x0448	0x00F0      	MOVWF      R0
0x0449	0x3080      	MOVLW      128
0x044A	0x0270      	SUBWF      R0, 0
0x044B	0x1D03      	BTFSS      STATUS, 2
0x044C	0x2C57      	GOTO       L__main24
0x044D	0x3000      	MOVLW      0
0x044E	0x0226      	SUBWF      _t+2, 0
0x044F	0x1D03      	BTFSS      STATUS, 2
0x0450	0x2C57      	GOTO       L__main24
0x0451	0x3000      	MOVLW      0
0x0452	0x0225      	SUBWF      _t+1, 0
0x0453	0x1D03      	BTFSS      STATUS, 2
0x0454	0x2C57      	GOTO       L__main24
0x0455	0x3028      	MOVLW      40
0x0456	0x0224      	SUBWF      _t, 0
L__main24:
0x0457	0x1803      	BTFSC      STATUS, 0
0x0458	0x2C89      	GOTO       L_main4
L__main21:
;BabyProject.c,23 :: 		PORTB=bcdConverter(a+'0');
0x0459	0x3030      	MOVLW      48
0x045A	0x0722      	ADDWF      _a, 0
0x045B	0x00AA      	MOVWF      FARG_bcdConverter_input
0x045C	0x238E      	CALL       _bcdConverter
0x045D	0x1283      	BCF        STATUS, 5
0x045E	0x1303      	BCF        STATUS, 6
0x045F	0x0870      	MOVF       R0, 0
0x0460	0x0086      	MOVWF      PORTB
;BabyProject.c,24 :: 		PORTD.B0=0;
0x0461	0x1008      	BCF        PORTD, 0
;BabyProject.c,25 :: 		PORTD.B1=1;
0x0462	0x1488      	BSF        PORTD, 1
;BabyProject.c,26 :: 		delay_ms(10000);
0x0463	0x300D      	MOVLW      13
0x0464	0x00FB      	MOVWF      R11
0x0465	0x30AF      	MOVLW      175
0x0466	0x00FC      	MOVWF      R12
0x0467	0x30B6      	MOVLW      182
0x0468	0x00FD      	MOVWF      R13
L_main5:
0x0469	0x0BFD      	DECFSZ     R13, 1
0x046A	0x2C69      	GOTO       L_main5
0x046B	0x0BFC      	DECFSZ     R12, 1
0x046C	0x2C69      	GOTO       L_main5
0x046D	0x0BFB      	DECFSZ     R11, 1
0x046E	0x2C69      	GOTO       L_main5
0x046F	0x0000      	NOP
;BabyProject.c,27 :: 		PORTD.B1=0;
0x0470	0x1088      	BCF        PORTD, 1
;BabyProject.c,29 :: 		PORTB=bcdConverter(b+'0');
0x0471	0x3030      	MOVLW      48
0x0472	0x0723      	ADDWF      _b, 0
0x0473	0x00AA      	MOVWF      FARG_bcdConverter_input
0x0474	0x238E      	CALL       _bcdConverter
0x0475	0x1283      	BCF        STATUS, 5
0x0476	0x1303      	BCF        STATUS, 6
0x0477	0x0870      	MOVF       R0, 0
0x0478	0x0086      	MOVWF      PORTB
;BabyProject.c,31 :: 		PORTD.B0=1;
0x0479	0x1408      	BSF        PORTD, 0
;BabyProject.c,32 :: 		delay_ms(10000);
0x047A	0x300D      	MOVLW      13
0x047B	0x00FB      	MOVWF      R11
0x047C	0x30AF      	MOVLW      175
0x047D	0x00FC      	MOVWF      R12
0x047E	0x30B6      	MOVLW      182
0x047F	0x00FD      	MOVWF      R13
L_main6:
0x0480	0x0BFD      	DECFSZ     R13, 1
0x0481	0x2C80      	GOTO       L_main6
0x0482	0x0BFC      	DECFSZ     R12, 1
0x0483	0x2C80      	GOTO       L_main6
0x0484	0x0BFB      	DECFSZ     R11, 1
0x0485	0x2C80      	GOTO       L_main6
0x0486	0x0000      	NOP
;BabyProject.c,33 :: 		PORTD.B0=0;
0x0487	0x1008      	BCF        PORTD, 0
;BabyProject.c,36 :: 		}
0x0488	0x2C8A      	GOTO       L_main7
L_main4:
;BabyProject.c,37 :: 		else goto L1;
0x0489	0x2BE8      	GOTO       ___main_L1
L_main7:
;BabyProject.c,38 :: 		}
0x048A	0x2C33      	GOTO       L_main0
;BabyProject.c,39 :: 		}
L_end_main:
0x048B	0x2C8B      	GOTO       $+0
; end of _main
Symbol List:
//** Routines locations **
//ADDRESS    SIZE    PROCEDURE
//----------------------------------------------
0x0003      [12]    _SETFUN32
0x000F       [4]    _FIXSIGN32
0x0013       [7]    _RES032
0x001A      [12]    _COMFREM
0x0026     [300]    _SDIV3232L
0x0152      [12]    _SETFOV32
0x015E       [7]    _____DoICP
0x0165       [7]    _Delay_22us
0x016C      [13]    _SETIOV3224
0x0179      [47]    _NRM3232
0x01A8     [181]    _Div_32x32_S
0x025D      [97]    _Mul_32x32_FP
0x02BE     [138]    _Double2Longint
0x0348      [12]    ___CC2DW
0x0354      [22]    _Word2Double
0x036A      [36]    _ADC_Read
0x038E      [80]    _bcdConverter
0x03DE     [174]    _main
//** Variables locations ** 
//ADDRESS    SIZE    VARIABLE
//----------------------------------------------
0x0000       [1]    INDF
0x0002       [1]    PCL
0x0003       [1]    STATUS
0x0004       [1]    FSR
0x0006       [1]    PORTB
0x0008       [1]    PORTD
0x000A       [1]    PCLATH
0x001E       [1]    ADRESH
0x001F       [1]    ADCON0
0x0020       [1]    ___math_tempb
0x0021       [1]    __math_tempbD
0x0022       [1]    _a
0x0023       [1]    _b
0x0024       [4]    _t
0x0028       [2]    ___DoICPAddr
0x002A       [1]    FARG_ADC_Read_channel
0x002A       [1]    FARG_bcdConverter_input
0x0070       [1]    R0
0x0071       [1]    R1
0x0072       [1]    R2
0x0073       [1]    R3
0x0074       [1]    R4
0x0075       [1]    R5
0x0076       [1]    R6
0x0077       [1]    R7
0x0078       [1]    R8
0x0079       [1]    R9
0x007A       [1]    R10
0x007B       [1]    R11
0x007C       [1]    R12
0x007D       [1]    R13
0x007E       [1]    R14
0x007F       [1]    R15
0x0085       [1]    TRISA
0x0086       [1]    TRISB
0x0088       [1]    TRISD
0x009E       [1]    ADRESL
0x009F       [1]    ADCON1
//** Label List: ** 
//----------------------------------------------
  ___main_L1
  L_main0
  L_main1
  L_main2
  L_main3
  L_main4
  L_main5
  L_main6
  L_main7
  L_bcdConverter8
  L_bcdConverter9
  L_bcdConverter10
  L_bcdConverter11
  L_bcdConverter12
  L_bcdConverter13
  L_bcdConverter14
  L_bcdConverter15
  L_bcdConverter16
  L_bcdConverter17
  L_bcdConverter18
  L_bcdConverter19
  L_bcdConverter20
  L__main21
  L_end_main
  _main
  L__main23
  L__main24
  L_end_bcdConverter
  _bcdConverter
  L_ADC_Get_Sample0
  L_ADC_Get_Sample1
  L_ADC_Read2
  L_ADC_Read3
  L_end_ADC_Init
  _ADC_Init
  L_end_ADC_Get_Sample
  _ADC_Get_Sample
  L_end_ADC_Read
  _ADC_Read
  L_Delay_50us0
  L_Delay_80us1
  L_Delay_500us2
  L_Delay_5500us3
  L_Delay_1ms4
  L_Delay_5ms5
  L_Delay_8ms6
  L_Delay_10ms7
  L_Delay_100ms8
  L_Delay_1sec9
  L_boot16_Delay_5ms10
  L_Delay_Cyc11
  L_Delay_Cyc12
  L_VDelay_ms13
  L_VDelay_ms14
  L_VDelay_ms15
  L_VDelay_Advanced_ms16
  L_VDelay_Advanced_ms17
  L_VDelay_Advanced_ms18
  L_end_Get_Fosc_kHz
  _Get_Fosc_kHz
  L_end_Delay_1us
  _Delay_1us
  L_end_Delay_10us
  _Delay_10us
  L_end_Delay_22us
  _Delay_22us
  L_end_Delay_50us
  _Delay_50us
  L_end_Delay_80us
  _Delay_80us
  L_end_Delay_500us
  _Delay_500us
  L_end_Delay_5500us
  _Delay_5500us
  L_end_Delay_1ms
  _Delay_1ms
  L_end_Delay_5ms
  _Delay_5ms
  L_end_Delay_8ms
  _Delay_8ms
  L_end_Delay_10ms
  _Delay_10ms
  L_end_Delay_100ms
  _Delay_100ms
  L_end_Delay_1sec
  _Delay_1sec
  L_end_boot16_Delay_5ms
  _boot16_Delay_5ms
  L_end_Delay_Cyc
  _Delay_Cyc
  L_end_VDelay_ms
  _VDelay_ms
  L__VDelay_ms36
  L__VDelay_ms37
  L__VDelay_ms38
  L_end_VDelay_Advanced_ms
  _VDelay_Advanced_ms
  L__VDelay_Advanced_ms40
  L__VDelay_Advanced_ms41
  L__VDelay_Advanced_ms42
  L_Div_16x16_S0
  L_Div_16x16_S1
  LOOPS3232A
  SADD22LA
  SOK22LA
  SADD22L8
  SOK22L8
  LOOPS3232B
  SADD22LB
  SOK22LB
  SADD22L16
  SOK22L16
  LOOPS3232C
  SADD22LC
  SOK22LC
  SADD22L24
  SOK22L24
  LOOPS3232D
  SADD22LD
  SOK22LD
  SOK22L
  L_Div_32x32_S6
  L_Div_32x32_S7
  L_Div_32x32_S8
  L_Div_32x32_S9
  FXD3232S
  END_ALL
  CA3232S
  C3232SX
  C3232SX1
  C3232S
  C3232S2
  C3232SX4
  C3232SOK
  C3232SX3
  C3232SX2
  avoid_comfrem
  LOOPU3232A
  UADD22LA
  UOK22LA
  UADD22L8
  UOK22L8
  LOOPU3232B
  UADD22LB
  UOK22LB
  UADD22L16
  UOK22L16
  LOOPU3232C
  UADD22LC
  UOK22LC
  UADD22L24
  UOK22L24
  LOOPU3232D
  UADD22LD
  UOK22LD
  UOK22L
  _NEXT
  _EXIT2
  _LOOP
  _EXIT1
  _IF_FIRST
  _IF_SECOND
  _INVERCE_FIRST
  _MULT
  _INBERSE_SECOND
  _EXIT
  L_end_Mul_8x8_U
  _Mul_8x8_U
  L_end_Mul_16x16_U
  _Mul_16x16_U
  L_end_Div_8x8_U
  _Div_8x8_U
  L_end_Div_16x16_U
  _Div_16x16_U
  L_end_Mul_8x8_S
  _Mul_8x8_S
  L_end_Mul_16x16_S
  _Mul_16x16_S
  L_end_Div_16x16_S_L
  _Div_16x16_S_L
  L_end_Div_16x16_S
  _Div_16x16_S
  L_end_Div_8x8_S
  _Div_8x8_S
  L_end_SDIV3232L
  _SDIV3232L
  L_end_COMFREM
  _COMFREM
  L_end_Div_32x32_S
  _Div_32x32_S
  L_end_Div_32x32_U
  _Div_32x32_U
  L_end_Mul_32x32_U
  _Mul_32x32_U
  L_end_Mul_32x32_S
  _Mul_32x32_S
  SETFOV32EEE
  SETFUN32EEE
  NORM3232
  JPNRES032
  JPNSETFUN32
  NORM3232A
  JMPNFIXSIGN32
  NORM32EEE
  NRMRND4032
  NRM4032
  JMPSETFOV32
  NORM4032
  JMPRES032
  JMPSETFUN32
  NORM4032A
  JMPFIXSIGN32
  NRM4032EEE
  USEA32
  JMPEEE
  ALIGNED32
  ALIGNB32
  ALOOPB32
  AOK32
  ACOMP32
  JMPNRMRND4032
  ADD_JMPSETFOV32
  JMPNRM4032
  JMPNRM32
  ADD32EEE
  FPM32
  JPMRES032
  M32BNE0
  MTUN32
  JPMSETFOV32
  MOK32
  JPMSETFUN32
  MLOOP32
  MNOADD32
  MADD32
  MROUND32
  MUL32OK
  MUL32EEE
  L_Div_32x32_FP7
  L_Div_32x32_FP8
  L_Div_32x32_FP9
  L_Div_32x32_FP10
  FPD32
  JPDSETFDZ32
  JPDRES032
  D32BNE0
  TALIGN32
  TS1ALIGN32
  TS2ALIGN32
  DALIGN32OK
  ALTB32
  AGEB32
  JPDSETFOV32
  DARGOK32
  JPDSETFUN32
  DLOOP32
  DS132
  DS232
  DREST32
  DOK32
  DAREST32
  DROUND32
  DIV32OK
  DIV32EEE
  SETIOV3224EEE
  INT3232U
  INT3232UEOK
  SETEXP32U
  SETIOV32U
  TSHIFT3232U
  SHIFT3232UOK
  SHIFT3232U
  INT3232UOK
  JPLSETIOV3224
  IRES032U
  INT3232UEER
  INT3232UEEE
  L_Double2Longword_0
  INT3232
  INT3232EOK
  SETIOV32
  TSHIFT3232
  SHIFT3232OK
  SHIFT3232
  INT3232OK
  JPISETIOV3224
  IRES032
  INT3232EER
  INT3232EEE
  L_Double2Longint_0
  INT3216
  IRES016
  SETIOV16
  TSHIFT3216
  SHIFT3216OK
  SHIFT3216
  INT3216OK
  JPJSETIOV3224
  INT3216EOK
  INT3216EER
  INT3216EEE
  L_Double2Int_0
  INT3216U
  IRES016U
  SETEXP16U
  SETIOV16U
  TSHIFT3216U
  SHIFT3216UOK
  SHIFT3216U
  INT3216UOK
  JPKSETIOV3224
  INT3216UEOK
  INT3216UEER
  INT3216UEEE
  L_Double2Word_0
  INT32U08
  IRES008
  SETEXP08
  SETIOV08
  TSHIFT3208
  SHIFT3208OK
  SHIFT3208
  INT3208OK
  D2B_JPKSETIOV3224
  INT3208EOK
  INT3208EER
  INT3208EEE
  L_Double2Byte_0
  FLO08U32
  FLO1632
  FLO1632EEE
  FLO16U32
  FLO3232
  FLO3232EEE
  FLO32U32
  EQU_FALSE
  COMPARE_EQU
  COMPARE_NOTZERO
  COMPARE_XNOTZERO
  COMPARE_YNOTZERO
  COMPARE_LT
  COMPARE_GT
  COMPARE_TESTALL
  COMPARE_C1
  GT_FALSE
  GT_TRUE
  COMPARE_C2
  COMPARE_C3
  L_end_SETFOV32
  _SETFOV32
  L_end_SETFDZ32
  _SETFDZ32
  L_end_FIXSIGN32
  _FIXSIGN32
  L_end_RES032
  _RES032
  L_end_SETFUN32
  _SETFUN32
  L_end_NRM3232
  _NRM3232
  L_end_NRM4032
  _NRM4032
  L_end_Add_32x32_FP
  _Add_32x32_FP
  L_end_Sub_32x32_FP
  _Sub_32x32_FP
  L_end_Mul_32x32_FP
  _Mul_32x32_FP
  L_end_Div_32x32_FP
  _Div_32x32_FP
  L_end_SETIOV3224
  _SETIOV3224
  L_end_Double2Longword
  _Double2Longword
  L_end_Double2Longint
  _Double2Longint
  L_end_Double2Int
  _Double2Int
  L_end_Double2Word
  _Double2Word
  L_end_Double2Byte
  _Double2Byte
  L_end_Byte2Double
  _Byte2Double
  L_end_Int2Double
  _Int2Double
  L_end_Word2Double
  _Word2Double
  L_end_Longint2Double
  _Longint2Double
  L_end_Longword2Double
  _Longword2Double
  L_end_Equals_Double
  _Equals_Double
  L_end_Compare_Double
  _Compare_Double
  L_loopCA2AWs
  L_CA2AWend
  _CCA2AW_Loop1
  L_loopCS2Ss
  L_CS2Send
  _CCS2S_Loop1
  L_CCS2Send
  L_loopFZinSWs
  L_FZinSend
  _CC2D_Loop1
  L_end_____DoICP
  _____DoICP
  L_end_____DoIFC
  _____DoIFC
  L_end___CA2AW
  ___CA2AW
  L_end___CCA2AW
  ___CCA2AW
  L_end___CS2S
  ___CS2S
  L_end___CCS2S
  ___CCS2S
  L_end___FZinS
  ___FZinS
  L_end___CC2DW
  ___CC2DW
  L_end_Swap
  _Swap
