;  LST file generated by mikroListExporter - v.2.0 
; Date/Time: 28/04/2018 08:07:50 ã
;----------------------------------------------

;Address Opcode 	ASM
0x0000	0x2956      	GOTO       342
_interrupt:
0x0004	0x00FF      	MOVWF      R15
0x0005	0x0E03      	SWAPF      STATUS, 0
0x0006	0x0183      	CLRF       STATUS
0x0007	0x00A7      	MOVWF      ___saveSTATUS
0x0008	0x080A      	MOVF       PCLATH, 0
0x0009	0x00A8      	MOVWF      ___savePCLATH
0x000A	0x018A      	CLRF       PCLATH
0x000B	0x0870      	MOVF       R0, 0
0x000C	0x00A4      	MOVWF      36
0x000D	0x0871      	MOVF       R1, 0
0x000E	0x00A3      	MOVWF      35
0x000F	0x087B      	MOVF       R11, 0
0x0010	0x00A2      	MOVWF      34
0x0011	0x087C      	MOVF       R12, 0
0x0012	0x00A1      	MOVWF      33
0x0013	0x087D      	MOVF       R13, 0
0x0014	0x00A0      	MOVWF      32
;Interrupt.c,93 :: 		void interrupt ()
;Interrupt.c,95 :: 		INTCON.INTF=0;
0x0015	0x108B      	BCF        INTCON, 1
;Interrupt.c,96 :: 		func();
0x0016	0x203B      	CALL       _func
;Interrupt.c,98 :: 		}
L_end_interrupt:
L__interrupt45:
0x0017	0x0824      	MOVF       36, 0
0x0018	0x00F0      	MOVWF      R0
0x0019	0x0823      	MOVF       35, 0
0x001A	0x00F1      	MOVWF      R1
0x001B	0x0822      	MOVF       34, 0
0x001C	0x00FB      	MOVWF      R11
0x001D	0x0821      	MOVF       33, 0
0x001E	0x00FC      	MOVWF      R12
0x001F	0x0820      	MOVF       32, 0
0x0020	0x00FD      	MOVWF      R13
0x0021	0x0828      	MOVF       ___savePCLATH, 0
0x0022	0x008A      	MOVWF      PCLATH
0x0023	0x0E27      	SWAPF      ___saveSTATUS, 0
0x0024	0x0083      	MOVWF      STATUS
0x0025	0x0EFF      	SWAPF      R15, 1
0x0026	0x0E7F      	SWAPF      R15, 0
0x0027	0x0009      	RETFIE
; end of _interrupt
_____DoICP:
;__Lib_System.c,6 :: 		
;__Lib_System.c,9 :: 		
0x0028	0x1283      	BCF        STATUS, 5
0x0029	0x1303      	BCF        STATUS, 6
0x002A	0x0826      	MOVF       ___DoICPAddr+1, 0
0x002B	0x008A      	MOVWF      PCLATH
;__Lib_System.c,10 :: 		
0x002C	0x0825      	MOVF       ___DoICPAddr, 0
0x002D	0x0082      	MOVWF      PCL
;__Lib_System.c,12 :: 		
L_end_____DoICP:
0x002E	0x0008      	RETURN
; end of _____DoICP
___CC2DW:
;__Lib_System.c,134 :: 		
;__Lib_System.c,137 :: 		
_CC2D_Loop1:
;__Lib_System.c,139 :: 		
0x002F	0x2028      	CALL       _____DoICP
0x0030	0x118A      	BCF        PCLATH, 3
0x0031	0x120A      	BCF        PCLATH, 4
;__Lib_System.c,141 :: 		
0x0032	0x0080      	MOVWF      INDF
;__Lib_System.c,142 :: 		
0x0033	0x0A84      	INCF       FSR, 1
;__Lib_System.c,143 :: 		
0x0034	0x0AA5      	INCF       ___DoICPAddr, 1
;__Lib_System.c,145 :: 		
0x0035	0x1903      	BTFSC      STATUS, 2
;__Lib_System.c,146 :: 		
0x0036	0x0AA6      	INCF       ___DoICPAddr+1, 1
;__Lib_System.c,147 :: 		
0x0037	0x03F0      	DECF       R0, 1
;__Lib_System.c,149 :: 		
0x0038	0x1D03      	BTFSS      STATUS, 2
;__Lib_System.c,150 :: 		
0x0039	0x282F      	GOTO       _CC2D_Loop1
;__Lib_System.c,152 :: 		
L_end___CC2DW:
0x003A	0x0008      	RETURN
; end of ___CC2DW
_func:
;Interrupt.c,34 :: 		void func()
;Interrupt.c,37 :: 		if(1<<RED)
0x003B	0x1283      	BCF        STATUS, 5
0x003C	0x1303      	BCF        STATUS, 6
0x003D	0x01F0      	CLRF       R0
0x003E	0x1807      	BTFSC      PORTC, 0
0x003F	0x0AF0      	INCF       R0, 1
0x0040	0x0870      	MOVF       R0, 0
0x0041	0x00F2      	MOVWF      R2
0x0042	0x3001      	MOVLW      1
0x0043	0x00F0      	MOVWF      R0
0x0044	0x3000      	MOVLW      0
0x0045	0x00F1      	MOVWF      R0+1
0x0046	0x0872      	MOVF       R2, 0
L__func40:
0x0047	0x1903      	BTFSC      STATUS, 2
0x0048	0x284E      	GOTO       L__func41
0x0049	0x0DF0      	RLF        R0, 1
0x004A	0x0DF1      	RLF        R0+1, 1
0x004B	0x1070      	BCF        R0, 0
0x004C	0x3EFF      	ADDLW      255
0x004D	0x2847      	GOTO       L__func40
L__func41:
0x004E	0x0870      	MOVF       R0, 0
0x004F	0x0471      	IORWF      R0+1, 0
0x0050	0x1903      	BTFSC      STATUS, 2
0x0051	0x28A1      	GOTO       L_func8
;Interrupt.c,39 :: 		while(1)
L_func9:
;Interrupt.c,41 :: 		RED=0;
0x0052	0x1007      	BCF        PORTC, 0
;Interrupt.c,42 :: 		delay_ms(10);
0x0053	0x300D      	MOVLW      13
0x0054	0x00FC      	MOVWF      R12
0x0055	0x30FB      	MOVLW      251
0x0056	0x00FD      	MOVWF      R13
L_func11:
0x0057	0x0BFD      	DECFSZ     R13, 1
0x0058	0x2857      	GOTO       L_func11
0x0059	0x0BFC      	DECFSZ     R12, 1
0x005A	0x2857      	GOTO       L_func11
0x005B	0x0000      	NOP
0x005C	0x0000      	NOP
;Interrupt.c,43 :: 		GREEN=1;
0x005D	0x1507      	BSF        PORTC, 2
;Interrupt.c,44 :: 		delay_ms(1000);
0x005E	0x3006      	MOVLW      6
0x005F	0x00FB      	MOVWF      R11
0x0060	0x3013      	MOVLW      19
0x0061	0x00FC      	MOVWF      R12
0x0062	0x30AD      	MOVLW      173
0x0063	0x00FD      	MOVWF      R13
L_func12:
0x0064	0x0BFD      	DECFSZ     R13, 1
0x0065	0x2864      	GOTO       L_func12
0x0066	0x0BFC      	DECFSZ     R12, 1
0x0067	0x2864      	GOTO       L_func12
0x0068	0x0BFB      	DECFSZ     R11, 1
0x0069	0x2864      	GOTO       L_func12
0x006A	0x0000      	NOP
0x006B	0x0000      	NOP
;Interrupt.c,45 :: 		GREEN=0;
0x006C	0x1107      	BCF        PORTC, 2
;Interrupt.c,46 :: 		delay_ms(10);
0x006D	0x300D      	MOVLW      13
0x006E	0x00FC      	MOVWF      R12
0x006F	0x30FB      	MOVLW      251
0x0070	0x00FD      	MOVWF      R13
L_func13:
0x0071	0x0BFD      	DECFSZ     R13, 1
0x0072	0x2871      	GOTO       L_func13
0x0073	0x0BFC      	DECFSZ     R12, 1
0x0074	0x2871      	GOTO       L_func13
0x0075	0x0000      	NOP
0x0076	0x0000      	NOP
;Interrupt.c,47 :: 		YELLOW=1;
0x0077	0x1487      	BSF        PORTC, 1
;Interrupt.c,48 :: 		delay_ms(1000);
0x0078	0x3006      	MOVLW      6
0x0079	0x00FB      	MOVWF      R11
0x007A	0x3013      	MOVLW      19
0x007B	0x00FC      	MOVWF      R12
0x007C	0x30AD      	MOVLW      173
0x007D	0x00FD      	MOVWF      R13
L_func14:
0x007E	0x0BFD      	DECFSZ     R13, 1
0x007F	0x287E      	GOTO       L_func14
0x0080	0x0BFC      	DECFSZ     R12, 1
0x0081	0x287E      	GOTO       L_func14
0x0082	0x0BFB      	DECFSZ     R11, 1
0x0083	0x287E      	GOTO       L_func14
0x0084	0x0000      	NOP
0x0085	0x0000      	NOP
;Interrupt.c,49 :: 		YELLOW=0;
0x0086	0x1087      	BCF        PORTC, 1
;Interrupt.c,50 :: 		delay_ms(10);
0x0087	0x300D      	MOVLW      13
0x0088	0x00FC      	MOVWF      R12
0x0089	0x30FB      	MOVLW      251
0x008A	0x00FD      	MOVWF      R13
L_func15:
0x008B	0x0BFD      	DECFSZ     R13, 1
0x008C	0x288B      	GOTO       L_func15
0x008D	0x0BFC      	DECFSZ     R12, 1
0x008E	0x288B      	GOTO       L_func15
0x008F	0x0000      	NOP
0x0090	0x0000      	NOP
;Interrupt.c,51 :: 		RED=1;
0x0091	0x1407      	BSF        PORTC, 0
;Interrupt.c,52 :: 		delay_ms(1000);
0x0092	0x3006      	MOVLW      6
0x0093	0x00FB      	MOVWF      R11
0x0094	0x3013      	MOVLW      19
0x0095	0x00FC      	MOVWF      R12
0x0096	0x30AD      	MOVLW      173
0x0097	0x00FD      	MOVWF      R13
L_func16:
0x0098	0x0BFD      	DECFSZ     R13, 1
0x0099	0x2898      	GOTO       L_func16
0x009A	0x0BFC      	DECFSZ     R12, 1
0x009B	0x2898      	GOTO       L_func16
0x009C	0x0BFB      	DECFSZ     R11, 1
0x009D	0x2898      	GOTO       L_func16
0x009E	0x0000      	NOP
0x009F	0x0000      	NOP
;Interrupt.c,53 :: 		}
0x00A0	0x2852      	GOTO       L_func9
;Interrupt.c,54 :: 		}
L_func8:
;Interrupt.c,55 :: 		else if (1<<GREEN)
0x00A1	0x01F0      	CLRF       R0
0x00A2	0x1907      	BTFSC      PORTC, 2
0x00A3	0x0AF0      	INCF       R0, 1
0x00A4	0x0870      	MOVF       R0, 0
0x00A5	0x00F2      	MOVWF      R2
0x00A6	0x3001      	MOVLW      1
0x00A7	0x00F0      	MOVWF      R0
0x00A8	0x3000      	MOVLW      0
0x00A9	0x00F1      	MOVWF      R0+1
0x00AA	0x0872      	MOVF       R2, 0
L__func42:
0x00AB	0x1903      	BTFSC      STATUS, 2
0x00AC	0x28B2      	GOTO       L__func43
0x00AD	0x0DF0      	RLF        R0, 1
0x00AE	0x0DF1      	RLF        R0+1, 1
0x00AF	0x1070      	BCF        R0, 0
0x00B0	0x3EFF      	ADDLW      255
0x00B1	0x28AB      	GOTO       L__func42
L__func43:
0x00B2	0x0870      	MOVF       R0, 0
0x00B3	0x0471      	IORWF      R0+1, 0
0x00B4	0x1903      	BTFSC      STATUS, 2
0x00B5	0x2905      	GOTO       L_func18
;Interrupt.c,57 :: 		while(1)
L_func19:
;Interrupt.c,59 :: 		GREEN=0;
0x00B6	0x1107      	BCF        PORTC, 2
;Interrupt.c,60 :: 		delay_ms(10);
0x00B7	0x300D      	MOVLW      13
0x00B8	0x00FC      	MOVWF      R12
0x00B9	0x30FB      	MOVLW      251
0x00BA	0x00FD      	MOVWF      R13
L_func21:
0x00BB	0x0BFD      	DECFSZ     R13, 1
0x00BC	0x28BB      	GOTO       L_func21
0x00BD	0x0BFC      	DECFSZ     R12, 1
0x00BE	0x28BB      	GOTO       L_func21
0x00BF	0x0000      	NOP
0x00C0	0x0000      	NOP
;Interrupt.c,61 :: 		RED=1;
0x00C1	0x1407      	BSF        PORTC, 0
;Interrupt.c,62 :: 		delay_ms(1000);
0x00C2	0x3006      	MOVLW      6
0x00C3	0x00FB      	MOVWF      R11
0x00C4	0x3013      	MOVLW      19
0x00C5	0x00FC      	MOVWF      R12
0x00C6	0x30AD      	MOVLW      173
0x00C7	0x00FD      	MOVWF      R13
L_func22:
0x00C8	0x0BFD      	DECFSZ     R13, 1
0x00C9	0x28C8      	GOTO       L_func22
0x00CA	0x0BFC      	DECFSZ     R12, 1
0x00CB	0x28C8      	GOTO       L_func22
0x00CC	0x0BFB      	DECFSZ     R11, 1
0x00CD	0x28C8      	GOTO       L_func22
0x00CE	0x0000      	NOP
0x00CF	0x0000      	NOP
;Interrupt.c,63 :: 		RED=0;
0x00D0	0x1007      	BCF        PORTC, 0
;Interrupt.c,64 :: 		delay_ms(10);
0x00D1	0x300D      	MOVLW      13
0x00D2	0x00FC      	MOVWF      R12
0x00D3	0x30FB      	MOVLW      251
0x00D4	0x00FD      	MOVWF      R13
L_func23:
0x00D5	0x0BFD      	DECFSZ     R13, 1
0x00D6	0x28D5      	GOTO       L_func23
0x00D7	0x0BFC      	DECFSZ     R12, 1
0x00D8	0x28D5      	GOTO       L_func23
0x00D9	0x0000      	NOP
0x00DA	0x0000      	NOP
;Interrupt.c,65 :: 		YELLOW=1;
0x00DB	0x1487      	BSF        PORTC, 1
;Interrupt.c,66 :: 		delay_ms(1000);
0x00DC	0x3006      	MOVLW      6
0x00DD	0x00FB      	MOVWF      R11
0x00DE	0x3013      	MOVLW      19
0x00DF	0x00FC      	MOVWF      R12
0x00E0	0x30AD      	MOVLW      173
0x00E1	0x00FD      	MOVWF      R13
L_func24:
0x00E2	0x0BFD      	DECFSZ     R13, 1
0x00E3	0x28E2      	GOTO       L_func24
0x00E4	0x0BFC      	DECFSZ     R12, 1
0x00E5	0x28E2      	GOTO       L_func24
0x00E6	0x0BFB      	DECFSZ     R11, 1
0x00E7	0x28E2      	GOTO       L_func24
0x00E8	0x0000      	NOP
0x00E9	0x0000      	NOP
;Interrupt.c,67 :: 		YELLOW=0;
0x00EA	0x1087      	BCF        PORTC, 1
;Interrupt.c,68 :: 		delay_ms(10);
0x00EB	0x300D      	MOVLW      13
0x00EC	0x00FC      	MOVWF      R12
0x00ED	0x30FB      	MOVLW      251
0x00EE	0x00FD      	MOVWF      R13
L_func25:
0x00EF	0x0BFD      	DECFSZ     R13, 1
0x00F0	0x28EF      	GOTO       L_func25
0x00F1	0x0BFC      	DECFSZ     R12, 1
0x00F2	0x28EF      	GOTO       L_func25
0x00F3	0x0000      	NOP
0x00F4	0x0000      	NOP
;Interrupt.c,69 :: 		GREEN=1;
0x00F5	0x1507      	BSF        PORTC, 2
;Interrupt.c,70 :: 		delay_ms(1000);
0x00F6	0x3006      	MOVLW      6
0x00F7	0x00FB      	MOVWF      R11
0x00F8	0x3013      	MOVLW      19
0x00F9	0x00FC      	MOVWF      R12
0x00FA	0x30AD      	MOVLW      173
0x00FB	0x00FD      	MOVWF      R13
L_func26:
0x00FC	0x0BFD      	DECFSZ     R13, 1
0x00FD	0x28FC      	GOTO       L_func26
0x00FE	0x0BFC      	DECFSZ     R12, 1
0x00FF	0x28FC      	GOTO       L_func26
0x0100	0x0BFB      	DECFSZ     R11, 1
0x0101	0x28FC      	GOTO       L_func26
0x0102	0x0000      	NOP
0x0103	0x0000      	NOP
;Interrupt.c,71 :: 		}
0x0104	0x28B6      	GOTO       L_func19
;Interrupt.c,72 :: 		}
L_func18:
;Interrupt.c,74 :: 		while(1)
L_func28:
;Interrupt.c,76 :: 		YELLOW=0;
0x0105	0x1087      	BCF        PORTC, 1
;Interrupt.c,77 :: 		GREEN=0;
0x0106	0x1107      	BCF        PORTC, 2
;Interrupt.c,78 :: 		delay_ms(10);
0x0107	0x300D      	MOVLW      13
0x0108	0x00FC      	MOVWF      R12
0x0109	0x30FB      	MOVLW      251
0x010A	0x00FD      	MOVWF      R13
L_func30:
0x010B	0x0BFD      	DECFSZ     R13, 1
0x010C	0x290B      	GOTO       L_func30
0x010D	0x0BFC      	DECFSZ     R12, 1
0x010E	0x290B      	GOTO       L_func30
0x010F	0x0000      	NOP
0x0110	0x0000      	NOP
;Interrupt.c,79 :: 		RED=1;
0x0111	0x1407      	BSF        PORTC, 0
;Interrupt.c,80 :: 		delay_ms(1000);
0x0112	0x3006      	MOVLW      6
0x0113	0x00FB      	MOVWF      R11
0x0114	0x3013      	MOVLW      19
0x0115	0x00FC      	MOVWF      R12
0x0116	0x30AD      	MOVLW      173
0x0117	0x00FD      	MOVWF      R13
L_func31:
0x0118	0x0BFD      	DECFSZ     R13, 1
0x0119	0x2918      	GOTO       L_func31
0x011A	0x0BFC      	DECFSZ     R12, 1
0x011B	0x2918      	GOTO       L_func31
0x011C	0x0BFB      	DECFSZ     R11, 1
0x011D	0x2918      	GOTO       L_func31
0x011E	0x0000      	NOP
0x011F	0x0000      	NOP
;Interrupt.c,81 :: 		RED=0;
0x0120	0x1007      	BCF        PORTC, 0
;Interrupt.c,82 :: 		delay_ms(10);
0x0121	0x300D      	MOVLW      13
0x0122	0x00FC      	MOVWF      R12
0x0123	0x30FB      	MOVLW      251
0x0124	0x00FD      	MOVWF      R13
L_func32:
0x0125	0x0BFD      	DECFSZ     R13, 1
0x0126	0x2925      	GOTO       L_func32
0x0127	0x0BFC      	DECFSZ     R12, 1
0x0128	0x2925      	GOTO       L_func32
0x0129	0x0000      	NOP
0x012A	0x0000      	NOP
;Interrupt.c,83 :: 		YELLOW=1;
0x012B	0x1487      	BSF        PORTC, 1
;Interrupt.c,84 :: 		delay_ms(1000);
0x012C	0x3006      	MOVLW      6
0x012D	0x00FB      	MOVWF      R11
0x012E	0x3013      	MOVLW      19
0x012F	0x00FC      	MOVWF      R12
0x0130	0x30AD      	MOVLW      173
0x0131	0x00FD      	MOVWF      R13
L_func33:
0x0132	0x0BFD      	DECFSZ     R13, 1
0x0133	0x2932      	GOTO       L_func33
0x0134	0x0BFC      	DECFSZ     R12, 1
0x0135	0x2932      	GOTO       L_func33
0x0136	0x0BFB      	DECFSZ     R11, 1
0x0137	0x2932      	GOTO       L_func33
0x0138	0x0000      	NOP
0x0139	0x0000      	NOP
;Interrupt.c,85 :: 		YELLOW=0;
0x013A	0x1087      	BCF        PORTC, 1
;Interrupt.c,86 :: 		delay_ms(10);
0x013B	0x300D      	MOVLW      13
0x013C	0x00FC      	MOVWF      R12
0x013D	0x30FB      	MOVLW      251
0x013E	0x00FD      	MOVWF      R13
L_func34:
0x013F	0x0BFD      	DECFSZ     R13, 1
0x0140	0x293F      	GOTO       L_func34
0x0141	0x0BFC      	DECFSZ     R12, 1
0x0142	0x293F      	GOTO       L_func34
0x0143	0x0000      	NOP
0x0144	0x0000      	NOP
;Interrupt.c,87 :: 		GREEN=1;
0x0145	0x1507      	BSF        PORTC, 2
;Interrupt.c,88 :: 		delay_ms(1000);
0x0146	0x3006      	MOVLW      6
0x0147	0x00FB      	MOVWF      R11
0x0148	0x3013      	MOVLW      19
0x0149	0x00FC      	MOVWF      R12
0x014A	0x30AD      	MOVLW      173
0x014B	0x00FD      	MOVWF      R13
L_func35:
0x014C	0x0BFD      	DECFSZ     R13, 1
0x014D	0x294C      	GOTO       L_func35
0x014E	0x0BFC      	DECFSZ     R12, 1
0x014F	0x294C      	GOTO       L_func35
0x0150	0x0BFB      	DECFSZ     R11, 1
0x0151	0x294C      	GOTO       L_func35
0x0152	0x0000      	NOP
0x0153	0x0000      	NOP
;Interrupt.c,89 :: 		}
0x0154	0x2905      	GOTO       L_func28
;Interrupt.c,91 :: 		}
L_end_func:
0x0155	0x0008      	RETURN
; end of _func
_main:
;Interrupt.c,6 :: 		void main() {
;Interrupt.c,7 :: 		adcon0=0x07;
0x0156	0x3007      	MOVLW      7
0x0157	0x1283      	BCF        STATUS, 5
0x0158	0x1303      	BCF        STATUS, 6
0x0159	0x009F      	MOVWF      ADCON0
;Interrupt.c,8 :: 		TRISA.B0=1;
0x015A	0x1683      	BSF        STATUS, 5
0x015B	0x1405      	BSF        TRISA, 0
;Interrupt.c,9 :: 		TRISC=0X00;
0x015C	0x0187      	CLRF       TRISC
;Interrupt.c,11 :: 		INTCON.GIE=1;
0x015D	0x178B      	BSF        INTCON, 7
;Interrupt.c,12 :: 		INTCON.INTE=1;
0x015E	0x160B      	BSF        INTCON, 4
;Interrupt.c,14 :: 		while(1)
L_main0:
;Interrupt.c,16 :: 		portc=111<<portc;
0x015F	0x1283      	BCF        STATUS, 5
0x0160	0x0807      	MOVF       PORTC, 0
0x0161	0x00F1      	MOVWF      R1
0x0162	0x306F      	MOVLW      111
0x0163	0x00F0      	MOVWF      R0
0x0164	0x0871      	MOVF       R1, 0
L__main37:
0x0165	0x1903      	BTFSC      STATUS, 2
0x0166	0x296B      	GOTO       L__main38
0x0167	0x0DF0      	RLF        R0, 1
0x0168	0x1070      	BCF        R0, 0
0x0169	0x3EFF      	ADDLW      255
0x016A	0x2965      	GOTO       L__main37
L__main38:
0x016B	0x1283      	BCF        STATUS, 5
0x016C	0x0870      	MOVF       R0, 0
0x016D	0x0087      	MOVWF      PORTC
;Interrupt.c,18 :: 		delay_ms(10);
0x016E	0x300D      	MOVLW      13
0x016F	0x00FC      	MOVWF      R12
0x0170	0x30FB      	MOVLW      251
0x0171	0x00FD      	MOVWF      R13
L_main2:
0x0172	0x0BFD      	DECFSZ     R13, 1
0x0173	0x2972      	GOTO       L_main2
0x0174	0x0BFC      	DECFSZ     R12, 1
0x0175	0x2972      	GOTO       L_main2
0x0176	0x0000      	NOP
0x0177	0x0000      	NOP
;Interrupt.c,19 :: 		RED=1;
0x0178	0x1407      	BSF        PORTC, 0
;Interrupt.c,20 :: 		delay_ms(1000);
0x0179	0x3006      	MOVLW      6
0x017A	0x00FB      	MOVWF      R11
0x017B	0x3013      	MOVLW      19
0x017C	0x00FC      	MOVWF      R12
0x017D	0x30AD      	MOVLW      173
0x017E	0x00FD      	MOVWF      R13
L_main3:
0x017F	0x0BFD      	DECFSZ     R13, 1
0x0180	0x297F      	GOTO       L_main3
0x0181	0x0BFC      	DECFSZ     R12, 1
0x0182	0x297F      	GOTO       L_main3
0x0183	0x0BFB      	DECFSZ     R11, 1
0x0184	0x297F      	GOTO       L_main3
0x0185	0x0000      	NOP
0x0186	0x0000      	NOP
;Interrupt.c,21 :: 		RED=0;
0x0187	0x1007      	BCF        PORTC, 0
;Interrupt.c,22 :: 		delay_ms(10);
0x0188	0x300D      	MOVLW      13
0x0189	0x00FC      	MOVWF      R12
0x018A	0x30FB      	MOVLW      251
0x018B	0x00FD      	MOVWF      R13
L_main4:
0x018C	0x0BFD      	DECFSZ     R13, 1
0x018D	0x298C      	GOTO       L_main4
0x018E	0x0BFC      	DECFSZ     R12, 1
0x018F	0x298C      	GOTO       L_main4
0x0190	0x0000      	NOP
0x0191	0x0000      	NOP
;Interrupt.c,23 :: 		YELLOW=1;
0x0192	0x1487      	BSF        PORTC, 1
;Interrupt.c,24 :: 		delay_ms(1000);
0x0193	0x3006      	MOVLW      6
0x0194	0x00FB      	MOVWF      R11
0x0195	0x3013      	MOVLW      19
0x0196	0x00FC      	MOVWF      R12
0x0197	0x30AD      	MOVLW      173
0x0198	0x00FD      	MOVWF      R13
L_main5:
0x0199	0x0BFD      	DECFSZ     R13, 1
0x019A	0x2999      	GOTO       L_main5
0x019B	0x0BFC      	DECFSZ     R12, 1
0x019C	0x2999      	GOTO       L_main5
0x019D	0x0BFB      	DECFSZ     R11, 1
0x019E	0x2999      	GOTO       L_main5
0x019F	0x0000      	NOP
0x01A0	0x0000      	NOP
;Interrupt.c,25 :: 		YELLOW=0;
0x01A1	0x1087      	BCF        PORTC, 1
;Interrupt.c,26 :: 		delay_ms(10);
0x01A2	0x300D      	MOVLW      13
0x01A3	0x00FC      	MOVWF      R12
0x01A4	0x30FB      	MOVLW      251
0x01A5	0x00FD      	MOVWF      R13
L_main6:
0x01A6	0x0BFD      	DECFSZ     R13, 1
0x01A7	0x29A6      	GOTO       L_main6
0x01A8	0x0BFC      	DECFSZ     R12, 1
0x01A9	0x29A6      	GOTO       L_main6
0x01AA	0x0000      	NOP
0x01AB	0x0000      	NOP
;Interrupt.c,27 :: 		GREEN=1;
0x01AC	0x1507      	BSF        PORTC, 2
;Interrupt.c,28 :: 		delay_ms(1000);
0x01AD	0x3006      	MOVLW      6
0x01AE	0x00FB      	MOVWF      R11
0x01AF	0x3013      	MOVLW      19
0x01B0	0x00FC      	MOVWF      R12
0x01B1	0x30AD      	MOVLW      173
0x01B2	0x00FD      	MOVWF      R13
L_main7:
0x01B3	0x0BFD      	DECFSZ     R13, 1
0x01B4	0x29B3      	GOTO       L_main7
0x01B5	0x0BFC      	DECFSZ     R12, 1
0x01B6	0x29B3      	GOTO       L_main7
0x01B7	0x0BFB      	DECFSZ     R11, 1
0x01B8	0x29B3      	GOTO       L_main7
0x01B9	0x0000      	NOP
0x01BA	0x0000      	NOP
;Interrupt.c,30 :: 		}
0x01BB	0x295F      	GOTO       L_main0
;Interrupt.c,31 :: 		}
L_end_main:
0x01BC	0x29BC      	GOTO       $+0
; end of _main
Symbol List:
//** Routines locations **
//ADDRESS    SIZE    PROCEDURE
//----------------------------------------------
0x0004      [36]    _interrupt
0x0028       [7]    _____DoICP
0x002F      [12]    ___CC2DW
0x003B     [283]    _func
0x0156     [103]    _main
//** Variables locations ** 
//ADDRESS    SIZE    VARIABLE
//----------------------------------------------
0x0000       [1]    INDF
0x0002       [1]    PCL
0x0003       [1]    STATUS
0x0004       [1]    FSR
0x0007       [1]    PORTC
0x000A       [1]    PCLATH
0x000B       [1]    INTCON
0x001F       [1]    ADCON0
0x0025       [2]    ___DoICPAddr
0x0027       [1]    ___saveSTATUS
0x0028       [1]    ___savePCLATH
0x0070       [1]    R0
0x0071       [1]    R1
0x0072       [1]    R2
0x0073       [1]    R3
0x0074       [1]    R4
0x0075       [1]    R5
0x0076       [1]    R6
0x0077       [1]    R7
0x0078       [1]    R8
0x0079       [1]    R9
0x007A       [1]    R10
0x007B       [1]    R11
0x007C       [1]    R12
0x007D       [1]    R13
0x007E       [1]    R14
0x007F       [1]    R15
0x0085       [1]    TRISA
0x0087       [1]    TRISC
//** Label List: ** 
//----------------------------------------------
  L_main0
  L_main1
  L_main2
  L_main3
  L_main4
  L_main5
  L_main6
  L_main7
  L_func8
  L_func9
  L_func10
  L_func11
  L_func12
  L_func13
  L_func14
  L_func15
  L_func16
  L_func17
  L_func18
  L_func19
  L_func20
  L_func21
  L_func22
  L_func23
  L_func24
  L_func25
  L_func26
  L_func27
  L_func28
  L_func29
  L_func30
  L_func31
  L_func32
  L_func33
  L_func34
  L_func35
  L_end_main
  _main
  L__main37
  L__main38
  L_end_func
  _func
  L__func40
  L__func41
  L__func42
  L__func43
  L_end_interrupt
  _interrupt
  L__interrupt45
  L_loopCA2AWs
  L_CA2AWend
  _CCA2AW_Loop1
  L_loopCS2Ss
  L_CS2Send
  _CCS2S_Loop1
  L_CCS2Send
  L_loopFZinSWs
  L_FZinSend
  _CC2D_Loop1
  L_end_____DoICP
  _____DoICP
  L_end_____DoIFC
  _____DoIFC
  L_end___CA2AW
  ___CA2AW
  L_end___CCA2AW
  ___CCA2AW
  L_end___CS2S
  ___CS2S
  L_end___CCS2S
  ___CCS2S
  L_end___FZinS
  ___FZinS
  L_end___CC2DW
  ___CC2DW
  L_end_Swap
  _Swap
  L_main0
  L_main1
  L_main2
  L_main3
  L_main4
  L_main5
  L_main6
  L_main7
  L_func8
  L_func9
  L_func10
  L_func11
  L_func12
  L_func13
  L_func14
  L_func15
  L_func16
  L_func17
  L_func18
  L_func19
  L_func20
  L_func21
  L_func22
  L_func23
  L_func24
  L_func25
  L_func26
  L_func27
  L_func28
  L_func29
  L_func30
  L_func31
  L_func32
  L_func33
  L_func34
  L_func35
  L_end_main
  _main
  L__main37
  L__main38
  L_end_func
  _func
  L__func40
  L__func41
  L__func42
  L__func43
  L_end_interrupt
  _interrupt
  L__interrupt45
